<?xml version="1.0" encoding="UTF-8"?>
<!-- Generated by org.testng.reporters.JUnitXMLReporter -->
<testsuite hostname="WIN-6TNKA2CT5MN" name="tests on Internet Explorer" tests="5" failures="0" timestamp="5 Jul 2014 09:57:54 GMT" time="89.841" errors="0">
  <testcase name="testDeals" time="24.305" classname="com.home.test.pages.HomePageTest"/>
  <testcase name="testNotifications" time="14.372" classname="com.home.test.pages.HomePageTest"/>
  <testcase name="testLogin" time="10.055" classname="com.home.test.pages.LoginPageTest"/>
  <testcase name="LogOut" time="6.145" classname="com.home.test.pages.LoginPageTest"/>
  <testcase name="testSearch" time="20.671" classname="com.home.test.pages.SearchPageTest"/>
</testsuite> <!-- tests on Internet Explorer -->
