<?xml version="1.0" encoding="UTF-8"?>
<!-- Generated by org.testng.reporters.JUnitXMLReporter -->
<testsuite hostname="WIN-6TNKA2CT5MN" name="tests on Internet Explorer" tests="5" failures="0" timestamp="7 Jul 2014 16:52:22 GMT" time="90.119" errors="0">
  <testcase name="testDeals" time="23.154" classname="com.home.test.pages.HomePageTest"/>
  <testcase name="testNotifications" time="14.371" classname="com.home.test.pages.HomePageTest"/>
  <testcase name="testLogin" time="10.033" classname="com.home.test.pages.LoginPageTest"/>
  <testcase name="LogOut" time="2.833" classname="com.home.test.pages.LoginPageTest"/>
  <testcase name="testSearch" time="25.025" classname="com.home.test.pages.SearchPageTest"/>
</testsuite> <!-- tests on Internet Explorer -->
