<?xml version="1.0" encoding="UTF-8"?>
<!-- Generated by org.testng.reporters.JUnitXMLReporter -->
<testsuite hostname="WIN-6TNKA2CT5MN" name="tests on Google Chrome" tests="5" failures="0" timestamp="7 Jul 2014 16:55:54 GMT" time="95.241" errors="0">
  <testcase name="testDeals" time="23.71" classname="com.home.test.pages.HomePageTest"/>
  <testcase name="testNotifications" time="12.516" classname="com.home.test.pages.HomePageTest"/>
  <testcase name="testLogin" time="10.125" classname="com.home.test.pages.LoginPageTest"/>
  <testcase name="LogOut" time="4.815" classname="com.home.test.pages.LoginPageTest"/>
  <testcase name="testSearch" time="29.029" classname="com.home.test.pages.SearchPageTest"/>
</testsuite> <!-- tests on Google Chrome -->
