<?xml version="1.0" encoding="UTF-8"?>
<testng-results skipped="0" failed="0" total="15" passed="15">
  <reporter-output>
    <line>
      <![CDATA[<b>Navigated to the url:</b>&nbsphttp://www.ebay.com/<p>]]>
    </line>
    <line>
      <![CDATA[<p><b>WebDriver Exception throwed:</b>&nbspno such element
  (Session info: chrome=35.0.1916.153)
  (Driver info: chromedriver=2.9.248315,platform=Windows NT 6.1 SP1 x86_64) (WARNING: The server did not provide any stacktrace information)
Command duration or timeout: 10.06 seconds
For documentation on this error, please visit: http://seleniumhq.org/exceptions/no_such_element.html
Build info: version: '2.42.2', revision: '6a6995d', time: '2014-06-03 17:42:03'
System info: host: 'WIN-6TNKA2CT5MN', ip: '93.77.153.89', os.name: 'Windows 7', os.arch: 'amd64', os.version: '6.1', java.version: '1.7.0_51'
Session ID: 8a7399422474be25fde9ab5e83ce9da4
Driver info: org.openqa.selenium.chrome.ChromeDriver
Capabilities [{platform=XP, acceptSslCerts=true, javascriptEnabled=true, browserName=chrome, chrome={userDataDir=C:\Users\mahas\AppData\Local\Temp\scoped_dir7804_328}, rotatable=false, locationContextEnabled=true, version=35.0.1916.153, takesHeapSnapshot=true, cssSelectorsEnabled=true, databaseEnabled=false, handlesAlerts=true, browserConnectionEnabled=false, nativeEvents=true, webStorageEnabled=true, applicationCacheEnabled=false, takesScreenshot=true}]<p>]]>
    </line>
    <line>
      <![CDATA[<b>Was cliked on webelement with locator:</b>&nbspid("gh-ug")/a[1]; Element html tag: a<p>Sign in<p>]]>
    </line>
    <line>
      <![CDATA[<b>After clickON</b><p>]]>
    </line>
    <line>
      <![CDATA[<b>Change was performed on element with locator:</b>&nbspid("userid"); Element html tag: input<p><p>]]>
    </line>
    <line>
      <![CDATA[<b>Change was performed on element with locator:</b>&nbspid("userid"); Element html tag: input<p><p>]]>
    </line>
    <line>
      <![CDATA[<b>Change was performed on element with locator:</b>&nbspid("pass"); Element html tag: input<p><p>]]>
    </line>
    <line>
      <![CDATA[<b>Change was performed on element with locator:</b>&nbspid("pass"); Element html tag: input<p><p>]]>
    </line>
    <line>
      <![CDATA[<b>Was cliked on webelement with locator:</b>&nbspid("sgnbt"); Element html tag: input<p><p>]]>
    </line>
    <line>
      <![CDATA[<b>After clickON</b><p>]]>
    </line>
    <line>
      <![CDATA[<p><b>WebDriver Exception throwed:</b>&nbspno such element
  (Session info: chrome=35.0.1916.153)
  (Driver info: chromedriver=2.9.248315,platform=Windows NT 6.1 SP1 x86_64) (WARNING: The server did not provide any stacktrace information)
Command duration or timeout: 10.02 seconds
For documentation on this error, please visit: http://seleniumhq.org/exceptions/no_such_element.html
Build info: version: '2.42.2', revision: '6a6995d', time: '2014-06-03 17:42:03'
System info: host: 'WIN-6TNKA2CT5MN', ip: '93.77.153.89', os.name: 'Windows 7', os.arch: 'amd64', os.version: '6.1', java.version: '1.7.0_51'
Session ID: 8a7399422474be25fde9ab5e83ce9da4
Driver info: org.openqa.selenium.chrome.ChromeDriver
Capabilities [{platform=XP, acceptSslCerts=true, javascriptEnabled=true, browserName=chrome, chrome={userDataDir=C:\Users\mahas\AppData\Local\Temp\scoped_dir7804_328}, rotatable=false, locationContextEnabled=true, version=35.0.1916.153, takesHeapSnapshot=true, cssSelectorsEnabled=true, databaseEnabled=false, handlesAlerts=true, browserConnectionEnabled=false, nativeEvents=true, webStorageEnabled=true, applicationCacheEnabled=false, takesScreenshot=true}]<p>]]>
    </line>
    <line>
      <![CDATA[<b>Navigated to the url:</b>&nbsphttp://www.ebay.com/<p>]]>
    </line>
    <line>
      <![CDATA[<p><b>WebDriver Exception throwed:</b>&nbspno such element
  (Session info: chrome=35.0.1916.153)
  (Driver info: chromedriver=2.9.248315,platform=Windows NT 6.1 SP1 x86_64) (WARNING: The server did not provide any stacktrace information)
Command duration or timeout: 10.03 seconds
For documentation on this error, please visit: http://seleniumhq.org/exceptions/no_such_element.html
Build info: version: '2.42.2', revision: '6a6995d', time: '2014-06-03 17:42:03'
System info: host: 'WIN-6TNKA2CT5MN', ip: '93.77.153.89', os.name: 'Windows 7', os.arch: 'amd64', os.version: '6.1', java.version: '1.7.0_51'
Session ID: 8a7399422474be25fde9ab5e83ce9da4
Driver info: org.openqa.selenium.chrome.ChromeDriver
Capabilities [{platform=XP, acceptSslCerts=true, javascriptEnabled=true, browserName=chrome, chrome={userDataDir=C:\Users\mahas\AppData\Local\Temp\scoped_dir7804_328}, rotatable=false, locationContextEnabled=true, version=35.0.1916.153, takesHeapSnapshot=true, cssSelectorsEnabled=true, databaseEnabled=false, handlesAlerts=true, browserConnectionEnabled=false, nativeEvents=true, webStorageEnabled=true, applicationCacheEnabled=false, takesScreenshot=true}]<p>]]>
    </line>
    <line>
      <![CDATA[<b>Was cliked on webelement with locator:</b>&nbspid("gh-ug"); Element html tag: a<p>Hi, Max!<p>]]>
    </line>
    <line>
      <![CDATA[<b>After clickON</b><p>]]>
    </line>
    <line>
      <![CDATA[<b>Was cliked on webelement with locator:</b>&nbspid("gh-uo")/a[1]; Element html tag: a<p>Sign out<p>]]>
    </line>
    <line>
      <![CDATA[<b>After clickON</b><p>]]>
    </line>
    <line>
      <![CDATA[<b>Navigated to the url:</b>&nbsphttp://www.ebay.com/<p>]]>
    </line>
    <line>
      <![CDATA[<p><b>WebDriver Exception throwed:</b>&nbspno such element
  (Session info: chrome=35.0.1916.153)
  (Driver info: chromedriver=2.9.248315,platform=Windows NT 6.1 SP1 x86_64) (WARNING: The server did not provide any stacktrace information)
Command duration or timeout: 10.07 seconds
For documentation on this error, please visit: http://seleniumhq.org/exceptions/no_such_element.html
Build info: version: '2.42.2', revision: '6a6995d', time: '2014-06-03 17:42:03'
System info: host: 'WIN-6TNKA2CT5MN', ip: '93.77.153.89', os.name: 'Windows 7', os.arch: 'amd64', os.version: '6.1', java.version: '1.7.0_51'
Session ID: 8a7399422474be25fde9ab5e83ce9da4
Driver info: org.openqa.selenium.chrome.ChromeDriver
Capabilities [{platform=XP, acceptSslCerts=true, javascriptEnabled=true, browserName=chrome, chrome={userDataDir=C:\Users\mahas\AppData\Local\Temp\scoped_dir7804_328}, rotatable=false, locationContextEnabled=true, version=35.0.1916.153, takesHeapSnapshot=true, cssSelectorsEnabled=true, databaseEnabled=false, handlesAlerts=true, browserConnectionEnabled=false, nativeEvents=true, webStorageEnabled=true, applicationCacheEnabled=false, takesScreenshot=true}]<p>]]>
    </line>
    <line>
      <![CDATA[<b>Was cliked on webelement with locator:</b>&nbspid("gh-ug")/a[1]; Element html tag: a<p>Sign in<p>]]>
    </line>
    <line>
      <![CDATA[<b>After clickON</b><p>]]>
    </line>
    <line>
      <![CDATA[<b>Change was performed on element with locator:</b>&nbspid("userid"); Element html tag: input<p><p>]]>
    </line>
    <line>
      <![CDATA[<b>Change was performed on element with locator:</b>&nbspid("userid"); Element html tag: input<p><p>]]>
    </line>
    <line>
      <![CDATA[<b>Change was performed on element with locator:</b>&nbspid("pass"); Element html tag: input<p><p>]]>
    </line>
    <line>
      <![CDATA[<b>Change was performed on element with locator:</b>&nbspid("pass"); Element html tag: input<p><p>]]>
    </line>
    <line>
      <![CDATA[<b>Was cliked on webelement with locator:</b>&nbspid("sgnbt"); Element html tag: input<p><p>]]>
    </line>
    <line>
      <![CDATA[<b>After clickON</b><p>]]>
    </line>
    <line>
      <![CDATA[<b>Change was performed on element with locator:</b>&nbspid("gh-ac"); Element html tag: input<p><p>]]>
    </line>
    <line>
      <![CDATA[<b>Was cliked on webelement with locator:</b>&nbspid("gh-btn"); Element html tag: input<p><p>]]>
    </line>
    <line>
      <![CDATA[<b>After clickON</b><p>]]>
    </line>
    <line>
      <![CDATA[<b>Was cliked on webelement with locator:</b>&nbspid("gh-ug"); Element html tag: a<p>Hi, Max!<p>]]>
    </line>
    <line>
      <![CDATA[<b>After clickON</b><p>]]>
    </line>
    <line>
      <![CDATA[<b>Was cliked on webelement with locator:</b>&nbspid("gh-uo")/a[1]; Element html tag: a<p>Sign out<p>]]>
    </line>
    <line>
      <![CDATA[<b>After clickON</b><p>]]>
    </line>
    <line>
      <![CDATA[<b>Navigated to the url:</b>&nbsphttp://www.ebay.com/<p>]]>
    </line>
    <line>
      <![CDATA[<p><b>WebDriver Exception throwed:</b>&nbspUnable to locate element: {"method":"class name","selector":"gh-ua"}
Command duration or timeout: 10.95 seconds
For documentation on this error, please visit: http://seleniumhq.org/exceptions/no_such_element.html
Build info: version: '2.42.2', revision: '6a6995d', time: '2014-06-03 17:42:03'
System info: host: 'WIN-6TNKA2CT5MN', ip: '93.77.153.89', os.name: 'Windows 7', os.arch: 'amd64', os.version: '6.1', java.version: '1.7.0_51'
Session ID: 67431425-7135-40b2-8568-63e1c8db7c76
Driver info: org.openqa.selenium.firefox.FirefoxDriver
Capabilities [{platform=XP, databaseEnabled=true, cssSelectorsEnabled=true, javascriptEnabled=true, acceptSslCerts=true, handlesAlerts=true, browserName=firefox, webStorageEnabled=true, nativeEvents=false, rotatable=false, locationContextEnabled=true, applicationCacheEnabled=true, takesScreenshot=true, version=31.0}]<p>]]>
    </line>
    <line>
      <![CDATA[<b>Was cliked on webelement with locator:</b>&nbspid("gh-ug")/a[1]; Element html tag: a<p>Sign in<p>]]>
    </line>
    <line>
      <![CDATA[<b>After clickON</b><p>]]>
    </line>
    <line>
      <![CDATA[<b>Change was performed on element with locator:</b>&nbspid("userid"); Element html tag: input<p><p>]]>
    </line>
    <line>
      <![CDATA[<b>Change was performed on element with locator:</b>&nbspid("userid"); Element html tag: input<p><p>]]>
    </line>
    <line>
      <![CDATA[<b>Change was performed on element with locator:</b>&nbspid("pass"); Element html tag: input<p><p>]]>
    </line>
    <line>
      <![CDATA[<b>Change was performed on element with locator:</b>&nbspid("pass"); Element html tag: input<p><p>]]>
    </line>
    <line>
      <![CDATA[<b>Was cliked on webelement with locator:</b>&nbspid("sgnbt"); Element html tag: input<p><p>]]>
    </line>
    <line>
      <![CDATA[<b>After clickON</b><p>]]>
    </line>
    <line>
      <![CDATA[<b>Was cliked on webelement with locator:</b>&nbspid("gh-p-1")/a[1]; Element html tag: a<p>Daily Deals<p>]]>
    </line>
    <line>
      <![CDATA[<b>After clickON</b><p>]]>
    </line>
    <line>
      <![CDATA[<b>Was cliked on webelement with locator:</b>&nbspid("subs-close"); Element html tag: a<p>X<p>]]>
    </line>
    <line>
      <![CDATA[<b>After clickON</b><p>]]>
    </line>
    <line>
      <![CDATA[<b>Navigated to the url:</b>&nbsphttp://www.ebay.com/<p>]]>
    </line>
    <line>
      <![CDATA[<p><b>WebDriver Exception throwed:</b>&nbspUnable to locate element: {"method":"xpath","selector":".//*[contains(@class,'gh-ug-guest')]/a"}
Command duration or timeout: 11.02 seconds
For documentation on this error, please visit: http://seleniumhq.org/exceptions/no_such_element.html
Build info: version: '2.42.2', revision: '6a6995d', time: '2014-06-03 17:42:03'
System info: host: 'WIN-6TNKA2CT5MN', ip: '93.77.153.89', os.name: 'Windows 7', os.arch: 'amd64', os.version: '6.1', java.version: '1.7.0_51'
Session ID: 67431425-7135-40b2-8568-63e1c8db7c76
Driver info: org.openqa.selenium.firefox.FirefoxDriver
Capabilities [{platform=XP, databaseEnabled=true, cssSelectorsEnabled=true, javascriptEnabled=true, acceptSslCerts=true, handlesAlerts=true, browserName=firefox, webStorageEnabled=true, nativeEvents=false, rotatable=false, locationContextEnabled=true, applicationCacheEnabled=true, takesScreenshot=true, version=31.0}]<p>]]>
    </line>
    <line>
      <![CDATA[<b>Was cliked on webelement with locator:</b>&nbspid("gh-ug"); Element html tag: a<p>Hi, Max!<p>]]>
    </line>
    <line>
      <![CDATA[<b>After clickON</b><p>]]>
    </line>
    <line>
      <![CDATA[<b>Was cliked on webelement with locator:</b>&nbspid("gh-uo")/a[1]; Element html tag: a<p>Sign out<p>]]>
    </line>
    <line>
      <![CDATA[<b>After clickON</b><p>]]>
    </line>
    <line>
      <![CDATA[<b>Navigated to the url:</b>&nbsphttp://www.ebay.com/<p>]]>
    </line>
    <line>
      <![CDATA[<p><b>WebDriver Exception throwed:</b>&nbspUnable to locate element: {"method":"class name","selector":"gh-ua"}
Command duration or timeout: 15.54 seconds
For documentation on this error, please visit: http://seleniumhq.org/exceptions/no_such_element.html
Build info: version: '2.42.2', revision: '6a6995d', time: '2014-06-03 17:42:03'
System info: host: 'WIN-6TNKA2CT5MN', ip: '93.77.153.89', os.name: 'Windows 7', os.arch: 'amd64', os.version: '6.1', java.version: '1.7.0_51'
Session ID: 67431425-7135-40b2-8568-63e1c8db7c76
Driver info: org.openqa.selenium.firefox.FirefoxDriver
Capabilities [{platform=XP, databaseEnabled=true, cssSelectorsEnabled=true, javascriptEnabled=true, acceptSslCerts=true, handlesAlerts=true, browserName=firefox, webStorageEnabled=true, nativeEvents=false, rotatable=false, locationContextEnabled=true, applicationCacheEnabled=true, takesScreenshot=true, version=31.0}]<p>]]>
    </line>
    <line>
      <![CDATA[<b>Was cliked on webelement with locator:</b>&nbspid("gh-ug")/a[1]; Element html tag: a<p>Sign in<p>]]>
    </line>
    <line>
      <![CDATA[<b>After clickON</b><p>]]>
    </line>
    <line>
      <![CDATA[<b>Change was performed on element with locator:</b>&nbspid("userid"); Element html tag: input<p><p>]]>
    </line>
    <line>
      <![CDATA[<b>Change was performed on element with locator:</b>&nbspid("userid"); Element html tag: input<p><p>]]>
    </line>
    <line>
      <![CDATA[<b>Change was performed on element with locator:</b>&nbspid("pass"); Element html tag: input<p><p>]]>
    </line>
    <line>
      <![CDATA[<b>Change was performed on element with locator:</b>&nbspid("pass"); Element html tag: input<p><p>]]>
    </line>
    <line>
      <![CDATA[<b>Was cliked on webelement with locator:</b>&nbspid("sgnbt"); Element html tag: input<p><p>]]>
    </line>
    <line>
      <![CDATA[<b>After clickON</b><p>]]>
    </line>
    <line>
      <![CDATA[<b>Change was performed on element with locator:</b>&nbspid("gh-ac"); Element html tag: input<p><p>]]>
    </line>
    <line>
      <![CDATA[<b>Was cliked on webelement with locator:</b>&nbspid("gh-btn"); Element html tag: input<p><p>]]>
    </line>
    <line>
      <![CDATA[<b>After clickON</b><p>]]>
    </line>
    <line>
      <![CDATA[<b>Was cliked on webelement with locator:</b>&nbspid("gh-ug"); Element html tag: a<p>Hi, Max!<p>]]>
    </line>
    <line>
      <![CDATA[<b>After clickON</b><p>]]>
    </line>
    <line>
      <![CDATA[<b>Was cliked on webelement with locator:</b>&nbspid("gh-uo")/a[1]; Element html tag: a<p>Sign out<p>]]>
    </line>
    <line>
      <![CDATA[<b>After clickON</b><p>]]>
    </line>
    <line>
      <![CDATA[<b>Navigated to the url:</b>&nbsphttp://www.ebay.com/<p>]]>
    </line>
    <line>
      <![CDATA[<p><b>WebDriver Exception throwed:</b>&nbspno such element
  (Session info: chrome=35.0.1916.153)
  (Driver info: chromedriver=2.9.248315,platform=Windows NT 6.1 SP1 x86_64) (WARNING: The server did not provide any stacktrace information)
Command duration or timeout: 10.08 seconds
For documentation on this error, please visit: http://seleniumhq.org/exceptions/no_such_element.html
Build info: version: '2.42.2', revision: '6a6995d', time: '2014-06-03 17:42:03'
System info: host: 'WIN-6TNKA2CT5MN', ip: '93.77.153.89', os.name: 'Windows 7', os.arch: 'amd64', os.version: '6.1', java.version: '1.7.0_51'
Session ID: addd32f2369f8c4d991b42276c611cd8
Driver info: org.openqa.selenium.chrome.ChromeDriver
Capabilities [{platform=XP, acceptSslCerts=true, javascriptEnabled=true, browserName=chrome, chrome={userDataDir=C:\Users\mahas\AppData\Local\Temp\scoped_dir8084_26761}, rotatable=false, locationContextEnabled=true, version=35.0.1916.153, takesHeapSnapshot=true, cssSelectorsEnabled=true, databaseEnabled=false, handlesAlerts=true, browserConnectionEnabled=false, nativeEvents=true, webStorageEnabled=true, applicationCacheEnabled=false, takesScreenshot=true}]<p>]]>
    </line>
    <line>
      <![CDATA[<b>Was cliked on webelement with locator:</b>&nbspid("gh-ug")/a[1]; Element html tag: a<p>Sign in<p>]]>
    </line>
    <line>
      <![CDATA[<b>After clickON</b><p>]]>
    </line>
    <line>
      <![CDATA[<b>Change was performed on element with locator:</b>&nbspid("userid"); Element html tag: input<p><p>]]>
    </line>
    <line>
      <![CDATA[<b>Change was performed on element with locator:</b>&nbspid("userid"); Element html tag: input<p><p>]]>
    </line>
    <line>
      <![CDATA[<b>Change was performed on element with locator:</b>&nbspid("pass"); Element html tag: input<p><p>]]>
    </line>
    <line>
      <![CDATA[<b>Change was performed on element with locator:</b>&nbspid("pass"); Element html tag: input<p><p>]]>
    </line>
    <line>
      <![CDATA[<b>Was cliked on webelement with locator:</b>&nbspid("sgnbt"); Element html tag: input<p><p>]]>
    </line>
    <line>
      <![CDATA[<b>After clickON</b><p>]]>
    </line>
    <line>
      <![CDATA[<p><b>WebDriver Exception throwed:</b>&nbspno such element
  (Session info: chrome=35.0.1916.153)
  (Driver info: chromedriver=2.9.248315,platform=Windows NT 6.1 SP1 x86_64) (WARNING: The server did not provide any stacktrace information)
Command duration or timeout: 10.08 seconds
For documentation on this error, please visit: http://seleniumhq.org/exceptions/no_such_element.html
Build info: version: '2.42.2', revision: '6a6995d', time: '2014-06-03 17:42:03'
System info: host: 'WIN-6TNKA2CT5MN', ip: '93.77.153.89', os.name: 'Windows 7', os.arch: 'amd64', os.version: '6.1', java.version: '1.7.0_51'
Session ID: addd32f2369f8c4d991b42276c611cd8
Driver info: org.openqa.selenium.chrome.ChromeDriver
Capabilities [{platform=XP, acceptSslCerts=true, javascriptEnabled=true, browserName=chrome, chrome={userDataDir=C:\Users\mahas\AppData\Local\Temp\scoped_dir8084_26761}, rotatable=false, locationContextEnabled=true, version=35.0.1916.153, takesHeapSnapshot=true, cssSelectorsEnabled=true, databaseEnabled=false, handlesAlerts=true, browserConnectionEnabled=false, nativeEvents=true, webStorageEnabled=true, applicationCacheEnabled=false, takesScreenshot=true}]<p>]]>
    </line>
    <line>
      <![CDATA[<b>Navigated to the url:</b>&nbsphttp://www.ebay.com/<p>]]>
    </line>
    <line>
      <![CDATA[<p><b>WebDriver Exception throwed:</b>&nbspno such element
  (Session info: chrome=35.0.1916.153)
  (Driver info: chromedriver=2.9.248315,platform=Windows NT 6.1 SP1 x86_64) (WARNING: The server did not provide any stacktrace information)
Command duration or timeout: 10.07 seconds
For documentation on this error, please visit: http://seleniumhq.org/exceptions/no_such_element.html
Build info: version: '2.42.2', revision: '6a6995d', time: '2014-06-03 17:42:03'
System info: host: 'WIN-6TNKA2CT5MN', ip: '93.77.153.89', os.name: 'Windows 7', os.arch: 'amd64', os.version: '6.1', java.version: '1.7.0_51'
Session ID: addd32f2369f8c4d991b42276c611cd8
Driver info: org.openqa.selenium.chrome.ChromeDriver
Capabilities [{platform=XP, acceptSslCerts=true, javascriptEnabled=true, browserName=chrome, chrome={userDataDir=C:\Users\mahas\AppData\Local\Temp\scoped_dir8084_26761}, rotatable=false, locationContextEnabled=true, version=35.0.1916.153, takesHeapSnapshot=true, cssSelectorsEnabled=true, databaseEnabled=false, handlesAlerts=true, browserConnectionEnabled=false, nativeEvents=true, webStorageEnabled=true, applicationCacheEnabled=false, takesScreenshot=true}]<p>]]>
    </line>
    <line>
      <![CDATA[<b>Was cliked on webelement with locator:</b>&nbspid("gh-ug"); Element html tag: a<p>Hi, Max!<p>]]>
    </line>
    <line>
      <![CDATA[<b>After clickON</b><p>]]>
    </line>
    <line>
      <![CDATA[<b>Was cliked on webelement with locator:</b>&nbspid("gh-uo")/a[1]; Element html tag: a<p>Sign out<p>]]>
    </line>
    <line>
      <![CDATA[<b>After clickON</b><p>]]>
    </line>
    <line>
      <![CDATA[<b>Navigated to the url:</b>&nbsphttp://www.ebay.com/<p>]]>
    </line>
    <line>
      <![CDATA[<p><b>WebDriver Exception throwed:</b>&nbspno such element
  (Session info: chrome=35.0.1916.153)
  (Driver info: chromedriver=2.9.248315,platform=Windows NT 6.1 SP1 x86_64) (WARNING: The server did not provide any stacktrace information)
Command duration or timeout: 10.06 seconds
For documentation on this error, please visit: http://seleniumhq.org/exceptions/no_such_element.html
Build info: version: '2.42.2', revision: '6a6995d', time: '2014-06-03 17:42:03'
System info: host: 'WIN-6TNKA2CT5MN', ip: '93.77.153.89', os.name: 'Windows 7', os.arch: 'amd64', os.version: '6.1', java.version: '1.7.0_51'
Session ID: addd32f2369f8c4d991b42276c611cd8
Driver info: org.openqa.selenium.chrome.ChromeDriver
Capabilities [{platform=XP, acceptSslCerts=true, javascriptEnabled=true, browserName=chrome, chrome={userDataDir=C:\Users\mahas\AppData\Local\Temp\scoped_dir8084_26761}, rotatable=false, locationContextEnabled=true, version=35.0.1916.153, takesHeapSnapshot=true, cssSelectorsEnabled=true, databaseEnabled=false, handlesAlerts=true, browserConnectionEnabled=false, nativeEvents=true, webStorageEnabled=true, applicationCacheEnabled=false, takesScreenshot=true}]<p>]]>
    </line>
    <line>
      <![CDATA[<b>Was cliked on webelement with locator:</b>&nbspid("gh-ug")/a[1]; Element html tag: a<p>Sign in<p>]]>
    </line>
    <line>
      <![CDATA[<b>After clickON</b><p>]]>
    </line>
    <line>
      <![CDATA[<b>Change was performed on element with locator:</b>&nbspid("userid"); Element html tag: input<p><p>]]>
    </line>
    <line>
      <![CDATA[<b>Change was performed on element with locator:</b>&nbspid("userid"); Element html tag: input<p><p>]]>
    </line>
    <line>
      <![CDATA[<b>Change was performed on element with locator:</b>&nbspid("pass"); Element html tag: input<p><p>]]>
    </line>
    <line>
      <![CDATA[<b>Change was performed on element with locator:</b>&nbspid("pass"); Element html tag: input<p><p>]]>
    </line>
    <line>
      <![CDATA[<b>Was cliked on webelement with locator:</b>&nbspid("sgnbt"); Element html tag: input<p><p>]]>
    </line>
    <line>
      <![CDATA[<b>After clickON</b><p>]]>
    </line>
    <line>
      <![CDATA[<b>Change was performed on element with locator:</b>&nbspid("gh-ac"); Element html tag: input<p><p>]]>
    </line>
    <line>
      <![CDATA[<b>Was cliked on webelement with locator:</b>&nbspid("gh-btn"); Element html tag: input<p><p>]]>
    </line>
    <line>
      <![CDATA[<b>After clickON</b><p>]]>
    </line>
    <line>
      <![CDATA[<b>Was cliked on webelement with locator:</b>&nbspid("gh-ug"); Element html tag: a<p>Hi, Max!<p>]]>
    </line>
    <line>
      <![CDATA[<b>After clickON</b><p>]]>
    </line>
    <line>
      <![CDATA[<b>Was cliked on webelement with locator:</b>&nbspid("gh-uo")/a[1]; Element html tag: a<p>Sign out<p>]]>
    </line>
    <line>
      <![CDATA[<b>After clickON</b><p>]]>
    </line>
  </reporter-output>
  <suite name="Testing on Mozilla Firefox" duration-ms="95012" started-at="2014-07-07T16:52:35Z" finished-at="2014-07-07T16:54:10Z">
    <groups>
      <group name="home">
        <method signature="HomePageTest.testDeals()[pri:0, instance:com.home.test.pages.HomePageTest@2ccf47c8]" name="testDeals" class="com.home.test.pages.HomePageTest"/>
        <method signature="HomePageTest.testNotifications()[pri:0, instance:com.home.test.pages.HomePageTest@2ccf47c8]" name="testNotifications" class="com.home.test.pages.HomePageTest"/>
      </group> <!-- home -->
      <group name="ebayAll">
        <method signature="HomePageTest.testDeals()[pri:0, instance:com.home.test.pages.HomePageTest@2ccf47c8]" name="testDeals" class="com.home.test.pages.HomePageTest"/>
        <method signature="HomePageTest.testNotifications()[pri:0, instance:com.home.test.pages.HomePageTest@2ccf47c8]" name="testNotifications" class="com.home.test.pages.HomePageTest"/>
        <method signature="LoginPageTest.LogOut()[pri:0, instance:com.home.test.pages.LoginPageTest@5c71b273]" name="LogOut" class="com.home.test.pages.LoginPageTest"/>
        <method signature="LoginPageTest.testLogin()[pri:0, instance:com.home.test.pages.LoginPageTest@5c71b273]" name="testLogin" class="com.home.test.pages.LoginPageTest"/>
        <method signature="SearchPageTest.testSearch()[pri:0, instance:com.home.test.pages.SearchPageTest@231aaee1]" name="testSearch" class="com.home.test.pages.SearchPageTest"/>
      </group> <!-- ebayAll -->
      <group name="search">
        <method signature="SearchPageTest.testSearch()[pri:0, instance:com.home.test.pages.SearchPageTest@231aaee1]" name="testSearch" class="com.home.test.pages.SearchPageTest"/>
      </group> <!-- search -->
      <group name="login">
        <method signature="LoginPageTest.LogOut()[pri:0, instance:com.home.test.pages.LoginPageTest@5c71b273]" name="LogOut" class="com.home.test.pages.LoginPageTest"/>
        <method signature="LoginPageTest.testLogin()[pri:0, instance:com.home.test.pages.LoginPageTest@5c71b273]" name="testLogin" class="com.home.test.pages.LoginPageTest"/>
      </group> <!-- login -->
    </groups>
    <test name="tests on Mozilla Firefox" duration-ms="95012" started-at="2014-07-07T16:52:35Z" finished-at="2014-07-07T16:54:10Z">
      <class name="com.home.test.pages.HomePageTest">
        <test-method status="PASS" signature="OpenPage()[pri:0, instance:com.home.test.pages.HomePageTest@2ccf47c8]" name="OpenPage" is-config="true" duration-ms="5238" started-at="2014-07-07T19:52:35Z" finished-at="2014-07-07T19:52:40Z">
          <reporter-output>
            <line>
              <![CDATA[<b>Navigated to the url:</b>&nbsphttp://www.ebay.com/<p>]]>
            </line>
          </reporter-output>
        </test-method> <!-- OpenPage -->
        <test-method status="PASS" signature="testDeals()[pri:0, instance:com.home.test.pages.HomePageTest@2ccf47c8]" name="testDeals" duration-ms="33134" started-at="2014-07-07T19:52:40Z" finished-at="2014-07-07T19:53:13Z">
          <reporter-output>
            <line>
              <![CDATA[<p><b>WebDriver Exception throwed:</b>&nbspUnable to locate element: {"method":"class name","selector":"gh-ua"}
Command duration or timeout: 10.95 seconds
For documentation on this error, please visit: http://seleniumhq.org/exceptions/no_such_element.html
Build info: version: '2.42.2', revision: '6a6995d', time: '2014-06-03 17:42:03'
System info: host: 'WIN-6TNKA2CT5MN', ip: '93.77.153.89', os.name: 'Windows 7', os.arch: 'amd64', os.version: '6.1', java.version: '1.7.0_51'
Session ID: 67431425-7135-40b2-8568-63e1c8db7c76
Driver info: org.openqa.selenium.firefox.FirefoxDriver
Capabilities [{platform=XP, databaseEnabled=true, cssSelectorsEnabled=true, javascriptEnabled=true, acceptSslCerts=true, handlesAlerts=true, browserName=firefox, webStorageEnabled=true, nativeEvents=false, rotatable=false, locationContextEnabled=true, applicationCacheEnabled=true, takesScreenshot=true, version=31.0}]<p>]]>
            </line>
            <line>
              <![CDATA[<b>Was cliked on webelement with locator:</b>&nbspid("gh-ug")/a[1]; Element html tag: a<p>Sign in<p>]]>
            </line>
            <line>
              <![CDATA[<b>After clickON</b><p>]]>
            </line>
            <line>
              <![CDATA[<b>Change was performed on element with locator:</b>&nbspid("userid"); Element html tag: input<p><p>]]>
            </line>
            <line>
              <![CDATA[<b>Change was performed on element with locator:</b>&nbspid("userid"); Element html tag: input<p><p>]]>
            </line>
            <line>
              <![CDATA[<b>Change was performed on element with locator:</b>&nbspid("pass"); Element html tag: input<p><p>]]>
            </line>
            <line>
              <![CDATA[<b>Change was performed on element with locator:</b>&nbspid("pass"); Element html tag: input<p><p>]]>
            </line>
            <line>
              <![CDATA[<b>Was cliked on webelement with locator:</b>&nbspid("sgnbt"); Element html tag: input<p><p>]]>
            </line>
            <line>
              <![CDATA[<b>After clickON</b><p>]]>
            </line>
            <line>
              <![CDATA[<b>Was cliked on webelement with locator:</b>&nbspid("gh-p-1")/a[1]; Element html tag: a<p>Daily Deals<p>]]>
            </line>
            <line>
              <![CDATA[<b>After clickON</b><p>]]>
            </line>
          </reporter-output>
        </test-method> <!-- testDeals -->
        <test-method status="PASS" signature="OpenPage()[pri:0, instance:com.home.test.pages.HomePageTest@2ccf47c8]" name="OpenPage" is-config="true" duration-ms="0" started-at="2014-07-07T19:53:13Z" finished-at="2014-07-07T19:53:13Z">
          <reporter-output>
          </reporter-output>
        </test-method> <!-- OpenPage -->
        <test-method status="PASS" signature="testNotifications()[pri:0, instance:com.home.test.pages.HomePageTest@2ccf47c8]" name="testNotifications" duration-ms="3735" started-at="2014-07-07T19:53:13Z" finished-at="2014-07-07T19:53:17Z">
          <reporter-output>
            <line>
              <![CDATA[<b>Was cliked on webelement with locator:</b>&nbspid("subs-close"); Element html tag: a<p>X<p>]]>
            </line>
            <line>
              <![CDATA[<b>After clickON</b><p>]]>
            </line>
          </reporter-output>
        </test-method> <!-- testNotifications -->
      </class> <!-- com.home.test.pages.HomePageTest -->
      <class name="com.home.test.pages.SearchPageTest">
        <test-method status="PASS" signature="getWebDriver(java.lang.String)[pri:0, instance:com.home.test.pages.SearchPageTest@231aaee1]" name="getWebDriver" is-config="true" duration-ms="10801" started-at="2014-07-07T19:52:24Z" finished-at="2014-07-07T19:52:35Z">
          <params>
            <param index="0">
              <value>
                <![CDATA[firefox]]>
              </value>
            </param>
          </params>
          <reporter-output>
          </reporter-output>
        </test-method> <!-- getWebDriver -->
        <test-method status="PASS" signature="OpenPage()[pri:0, instance:com.home.test.pages.SearchPageTest@231aaee1]" name="OpenPage" is-config="true" duration-ms="169" started-at="2014-07-07T19:53:34Z" finished-at="2014-07-07T19:53:34Z">
          <reporter-output>
            <line>
              <![CDATA[<b>Navigated to the url:</b>&nbsphttp://www.ebay.com/<p>]]>
            </line>
          </reporter-output>
        </test-method> <!-- OpenPage -->
        <test-method status="PASS" signature="testSearch()[pri:0, instance:com.home.test.pages.SearchPageTest@231aaee1]" name="testSearch" duration-ms="35683" started-at="2014-07-07T19:53:34Z" finished-at="2014-07-07T19:54:10Z">
          <reporter-output>
            <line>
              <![CDATA[<p><b>WebDriver Exception throwed:</b>&nbspUnable to locate element: {"method":"class name","selector":"gh-ua"}
Command duration or timeout: 15.54 seconds
For documentation on this error, please visit: http://seleniumhq.org/exceptions/no_such_element.html
Build info: version: '2.42.2', revision: '6a6995d', time: '2014-06-03 17:42:03'
System info: host: 'WIN-6TNKA2CT5MN', ip: '93.77.153.89', os.name: 'Windows 7', os.arch: 'amd64', os.version: '6.1', java.version: '1.7.0_51'
Session ID: 67431425-7135-40b2-8568-63e1c8db7c76
Driver info: org.openqa.selenium.firefox.FirefoxDriver
Capabilities [{platform=XP, databaseEnabled=true, cssSelectorsEnabled=true, javascriptEnabled=true, acceptSslCerts=true, handlesAlerts=true, browserName=firefox, webStorageEnabled=true, nativeEvents=false, rotatable=false, locationContextEnabled=true, applicationCacheEnabled=true, takesScreenshot=true, version=31.0}]<p>]]>
            </line>
            <line>
              <![CDATA[<b>Was cliked on webelement with locator:</b>&nbspid("gh-ug")/a[1]; Element html tag: a<p>Sign in<p>]]>
            </line>
            <line>
              <![CDATA[<b>After clickON</b><p>]]>
            </line>
            <line>
              <![CDATA[<b>Change was performed on element with locator:</b>&nbspid("userid"); Element html tag: input<p><p>]]>
            </line>
            <line>
              <![CDATA[<b>Change was performed on element with locator:</b>&nbspid("userid"); Element html tag: input<p><p>]]>
            </line>
            <line>
              <![CDATA[<b>Change was performed on element with locator:</b>&nbspid("pass"); Element html tag: input<p><p>]]>
            </line>
            <line>
              <![CDATA[<b>Change was performed on element with locator:</b>&nbspid("pass"); Element html tag: input<p><p>]]>
            </line>
            <line>
              <![CDATA[<b>Was cliked on webelement with locator:</b>&nbspid("sgnbt"); Element html tag: input<p><p>]]>
            </line>
            <line>
              <![CDATA[<b>After clickON</b><p>]]>
            </line>
            <line>
              <![CDATA[<b>Change was performed on element with locator:</b>&nbspid("gh-ac"); Element html tag: input<p><p>]]>
            </line>
            <line>
              <![CDATA[<b>Was cliked on webelement with locator:</b>&nbspid("gh-btn"); Element html tag: input<p><p>]]>
            </line>
            <line>
              <![CDATA[<b>After clickON</b><p>]]>
            </line>
            <line>
              <![CDATA[<b>Was cliked on webelement with locator:</b>&nbspid("gh-ug"); Element html tag: a<p>Hi, Max!<p>]]>
            </line>
            <line>
              <![CDATA[<b>After clickON</b><p>]]>
            </line>
            <line>
              <![CDATA[<b>Was cliked on webelement with locator:</b>&nbspid("gh-uo")/a[1]; Element html tag: a<p>Sign out<p>]]>
            </line>
            <line>
              <![CDATA[<b>After clickON</b><p>]]>
            </line>
          </reporter-output>
        </test-method> <!-- testSearch -->
        <test-method status="PASS" signature="ShutDown()[pri:0, instance:com.home.test.pages.SearchPageTest@231aaee1]" name="ShutDown" is-config="true" duration-ms="5743" started-at="2014-07-07T19:54:10Z" finished-at="2014-07-07T19:54:16Z">
          <reporter-output>
          </reporter-output>
        </test-method> <!-- ShutDown -->
      </class> <!-- com.home.test.pages.SearchPageTest -->
      <class name="com.home.test.pages.LoginPageTest">
        <test-method status="PASS" signature="OpenPage()[pri:0, instance:com.home.test.pages.LoginPageTest@5c71b273]" name="OpenPage" is-config="true" duration-ms="2569" started-at="2014-07-07T19:53:17Z" finished-at="2014-07-07T19:53:19Z">
          <reporter-output>
            <line>
              <![CDATA[<b>Navigated to the url:</b>&nbsphttp://www.ebay.com/<p>]]>
            </line>
          </reporter-output>
        </test-method> <!-- OpenPage -->
        <test-method status="PASS" signature="testLogin()[pri:0, instance:com.home.test.pages.LoginPageTest@5c71b273]" name="testLogin" duration-ms="11020" started-at="2014-07-07T19:53:19Z" finished-at="2014-07-07T19:53:30Z">
          <reporter-output>
            <line>
              <![CDATA[<p><b>WebDriver Exception throwed:</b>&nbspUnable to locate element: {"method":"xpath","selector":".//*[contains(@class,'gh-ug-guest')]/a"}
Command duration or timeout: 11.02 seconds
For documentation on this error, please visit: http://seleniumhq.org/exceptions/no_such_element.html
Build info: version: '2.42.2', revision: '6a6995d', time: '2014-06-03 17:42:03'
System info: host: 'WIN-6TNKA2CT5MN', ip: '93.77.153.89', os.name: 'Windows 7', os.arch: 'amd64', os.version: '6.1', java.version: '1.7.0_51'
Session ID: 67431425-7135-40b2-8568-63e1c8db7c76
Driver info: org.openqa.selenium.firefox.FirefoxDriver
Capabilities [{platform=XP, databaseEnabled=true, cssSelectorsEnabled=true, javascriptEnabled=true, acceptSslCerts=true, handlesAlerts=true, browserName=firefox, webStorageEnabled=true, nativeEvents=false, rotatable=false, locationContextEnabled=true, applicationCacheEnabled=true, takesScreenshot=true, version=31.0}]<p>]]>
            </line>
          </reporter-output>
        </test-method> <!-- testLogin -->
        <test-method status="PASS" signature="OpenPage()[pri:0, instance:com.home.test.pages.LoginPageTest@5c71b273]" name="OpenPage" is-config="true" duration-ms="1" started-at="2014-07-07T19:53:30Z" finished-at="2014-07-07T19:53:30Z">
          <reporter-output>
          </reporter-output>
        </test-method> <!-- OpenPage -->
        <test-method status="PASS" signature="LogOut()[pri:0, instance:com.home.test.pages.LoginPageTest@5c71b273]" name="LogOut" duration-ms="3446" started-at="2014-07-07T19:53:30Z" finished-at="2014-07-07T19:53:34Z">
          <reporter-output>
            <line>
              <![CDATA[<b>Was cliked on webelement with locator:</b>&nbspid("gh-ug"); Element html tag: a<p>Hi, Max!<p>]]>
            </line>
            <line>
              <![CDATA[<b>After clickON</b><p>]]>
            </line>
            <line>
              <![CDATA[<b>Was cliked on webelement with locator:</b>&nbspid("gh-uo")/a[1]; Element html tag: a<p>Sign out<p>]]>
            </line>
            <line>
              <![CDATA[<b>After clickON</b><p>]]>
            </line>
          </reporter-output>
        </test-method> <!-- LogOut -->
      </class> <!-- com.home.test.pages.LoginPageTest -->
    </test> <!-- tests on Mozilla Firefox -->
  </suite> <!-- Testing on Mozilla Firefox -->
  <suite name="Testing on Internet Explorer" duration-ms="90119" started-at="2014-07-07T16:50:52Z" finished-at="2014-07-07T16:52:22Z">
    <groups>
      <group name="home">
        <method signature="HomePageTest.testDeals()[pri:0, instance:com.home.test.pages.HomePageTest@40568c67]" name="testDeals" class="com.home.test.pages.HomePageTest"/>
        <method signature="HomePageTest.testNotifications()[pri:0, instance:com.home.test.pages.HomePageTest@40568c67]" name="testNotifications" class="com.home.test.pages.HomePageTest"/>
      </group> <!-- home -->
      <group name="ebayAll">
        <method signature="HomePageTest.testDeals()[pri:0, instance:com.home.test.pages.HomePageTest@40568c67]" name="testDeals" class="com.home.test.pages.HomePageTest"/>
        <method signature="HomePageTest.testNotifications()[pri:0, instance:com.home.test.pages.HomePageTest@40568c67]" name="testNotifications" class="com.home.test.pages.HomePageTest"/>
        <method signature="LoginPageTest.LogOut()[pri:0, instance:com.home.test.pages.LoginPageTest@684ee543]" name="LogOut" class="com.home.test.pages.LoginPageTest"/>
        <method signature="LoginPageTest.testLogin()[pri:0, instance:com.home.test.pages.LoginPageTest@684ee543]" name="testLogin" class="com.home.test.pages.LoginPageTest"/>
        <method signature="SearchPageTest.testSearch()[pri:0, instance:com.home.test.pages.SearchPageTest@4a17babb]" name="testSearch" class="com.home.test.pages.SearchPageTest"/>
      </group> <!-- ebayAll -->
      <group name="search">
        <method signature="SearchPageTest.testSearch()[pri:0, instance:com.home.test.pages.SearchPageTest@4a17babb]" name="testSearch" class="com.home.test.pages.SearchPageTest"/>
      </group> <!-- search -->
      <group name="login">
        <method signature="LoginPageTest.LogOut()[pri:0, instance:com.home.test.pages.LoginPageTest@684ee543]" name="LogOut" class="com.home.test.pages.LoginPageTest"/>
        <method signature="LoginPageTest.testLogin()[pri:0, instance:com.home.test.pages.LoginPageTest@684ee543]" name="testLogin" class="com.home.test.pages.LoginPageTest"/>
      </group> <!-- login -->
    </groups>
    <test name="tests on Internet Explorer" duration-ms="90119" started-at="2014-07-07T16:50:52Z" finished-at="2014-07-07T16:52:22Z">
      <class name="com.home.test.pages.HomePageTest">
        <test-method status="PASS" signature="OpenPage()[pri:0, instance:com.home.test.pages.HomePageTest@40568c67]" name="OpenPage" is-config="true" duration-ms="7994" started-at="2014-07-07T19:50:52Z" finished-at="2014-07-07T19:51:00Z">
          <reporter-output>
            <line>
              <![CDATA[<b>Navigated to the url:</b>&nbsphttp://www.ebay.com/<p>]]>
            </line>
          </reporter-output>
        </test-method> <!-- OpenPage -->
        <test-method status="PASS" signature="testDeals()[pri:0, instance:com.home.test.pages.HomePageTest@40568c67]" name="testDeals" duration-ms="23154" started-at="2014-07-07T19:51:00Z" finished-at="2014-07-07T19:51:23Z">
          <reporter-output>
            <line>
              <![CDATA[<p><b>WebDriver Exception throwed:</b>&nbspno such element
  (Session info: chrome=35.0.1916.153)
  (Driver info: chromedriver=2.9.248315,platform=Windows NT 6.1 SP1 x86_64) (WARNING: The server did not provide any stacktrace information)
Command duration or timeout: 10.06 seconds
For documentation on this error, please visit: http://seleniumhq.org/exceptions/no_such_element.html
Build info: version: '2.42.2', revision: '6a6995d', time: '2014-06-03 17:42:03'
System info: host: 'WIN-6TNKA2CT5MN', ip: '93.77.153.89', os.name: 'Windows 7', os.arch: 'amd64', os.version: '6.1', java.version: '1.7.0_51'
Session ID: 8a7399422474be25fde9ab5e83ce9da4
Driver info: org.openqa.selenium.chrome.ChromeDriver
Capabilities [{platform=XP, acceptSslCerts=true, javascriptEnabled=true, browserName=chrome, chrome={userDataDir=C:\Users\mahas\AppData\Local\Temp\scoped_dir7804_328}, rotatable=false, locationContextEnabled=true, version=35.0.1916.153, takesHeapSnapshot=true, cssSelectorsEnabled=true, databaseEnabled=false, handlesAlerts=true, browserConnectionEnabled=false, nativeEvents=true, webStorageEnabled=true, applicationCacheEnabled=false, takesScreenshot=true}]<p>]]>
            </line>
            <line>
              <![CDATA[<b>Was cliked on webelement with locator:</b>&nbspid("gh-ug")/a[1]; Element html tag: a<p>Sign in<p>]]>
            </line>
            <line>
              <![CDATA[<b>After clickON</b><p>]]>
            </line>
            <line>
              <![CDATA[<b>Change was performed on element with locator:</b>&nbspid("userid"); Element html tag: input<p><p>]]>
            </line>
            <line>
              <![CDATA[<b>Change was performed on element with locator:</b>&nbspid("userid"); Element html tag: input<p><p>]]>
            </line>
            <line>
              <![CDATA[<b>Change was performed on element with locator:</b>&nbspid("pass"); Element html tag: input<p><p>]]>
            </line>
            <line>
              <![CDATA[<b>Change was performed on element with locator:</b>&nbspid("pass"); Element html tag: input<p><p>]]>
            </line>
            <line>
              <![CDATA[<b>Was cliked on webelement with locator:</b>&nbspid("sgnbt"); Element html tag: input<p><p>]]>
            </line>
            <line>
              <![CDATA[<b>After clickON</b><p>]]>
            </line>
          </reporter-output>
        </test-method> <!-- testDeals -->
        <test-method status="PASS" signature="OpenPage()[pri:0, instance:com.home.test.pages.HomePageTest@40568c67]" name="OpenPage" is-config="true" duration-ms="1" started-at="2014-07-07T19:51:23Z" finished-at="2014-07-07T19:51:23Z">
          <reporter-output>
          </reporter-output>
        </test-method> <!-- OpenPage -->
        <test-method status="PASS" signature="testNotifications()[pri:0, instance:com.home.test.pages.HomePageTest@40568c67]" name="testNotifications" duration-ms="14371" started-at="2014-07-07T19:51:23Z" finished-at="2014-07-07T19:51:38Z">
          <reporter-output>
            <line>
              <![CDATA[<p><b>WebDriver Exception throwed:</b>&nbspno such element
  (Session info: chrome=35.0.1916.153)
  (Driver info: chromedriver=2.9.248315,platform=Windows NT 6.1 SP1 x86_64) (WARNING: The server did not provide any stacktrace information)
Command duration or timeout: 10.02 seconds
For documentation on this error, please visit: http://seleniumhq.org/exceptions/no_such_element.html
Build info: version: '2.42.2', revision: '6a6995d', time: '2014-06-03 17:42:03'
System info: host: 'WIN-6TNKA2CT5MN', ip: '93.77.153.89', os.name: 'Windows 7', os.arch: 'amd64', os.version: '6.1', java.version: '1.7.0_51'
Session ID: 8a7399422474be25fde9ab5e83ce9da4
Driver info: org.openqa.selenium.chrome.ChromeDriver
Capabilities [{platform=XP, acceptSslCerts=true, javascriptEnabled=true, browserName=chrome, chrome={userDataDir=C:\Users\mahas\AppData\Local\Temp\scoped_dir7804_328}, rotatable=false, locationContextEnabled=true, version=35.0.1916.153, takesHeapSnapshot=true, cssSelectorsEnabled=true, databaseEnabled=false, handlesAlerts=true, browserConnectionEnabled=false, nativeEvents=true, webStorageEnabled=true, applicationCacheEnabled=false, takesScreenshot=true}]<p>]]>
            </line>
          </reporter-output>
        </test-method> <!-- testNotifications -->
      </class> <!-- com.home.test.pages.HomePageTest -->
      <class name="com.home.test.pages.SearchPageTest">
        <test-method status="PASS" signature="getWebDriver(java.lang.String)[pri:0, instance:com.home.test.pages.SearchPageTest@4a17babb]" name="getWebDriver" is-config="true" duration-ms="4592" started-at="2014-07-07T19:50:48Z" finished-at="2014-07-07T19:50:52Z">
          <params>
            <param index="0">
              <value>
                <![CDATA[chrome]]>
              </value>
            </param>
          </params>
          <reporter-output>
          </reporter-output>
        </test-method> <!-- getWebDriver -->
        <test-method status="PASS" signature="OpenPage()[pri:0, instance:com.home.test.pages.SearchPageTest@4a17babb]" name="OpenPage" is-config="true" duration-ms="3463" started-at="2014-07-07T19:51:54Z" finished-at="2014-07-07T19:51:57Z">
          <reporter-output>
            <line>
              <![CDATA[<b>Navigated to the url:</b>&nbsphttp://www.ebay.com/<p>]]>
            </line>
          </reporter-output>
        </test-method> <!-- OpenPage -->
        <test-method status="PASS" signature="testSearch()[pri:0, instance:com.home.test.pages.SearchPageTest@4a17babb]" name="testSearch" duration-ms="25025" started-at="2014-07-07T19:51:57Z" finished-at="2014-07-07T19:52:22Z">
          <reporter-output>
            <line>
              <![CDATA[<p><b>WebDriver Exception throwed:</b>&nbspno such element
  (Session info: chrome=35.0.1916.153)
  (Driver info: chromedriver=2.9.248315,platform=Windows NT 6.1 SP1 x86_64) (WARNING: The server did not provide any stacktrace information)
Command duration or timeout: 10.07 seconds
For documentation on this error, please visit: http://seleniumhq.org/exceptions/no_such_element.html
Build info: version: '2.42.2', revision: '6a6995d', time: '2014-06-03 17:42:03'
System info: host: 'WIN-6TNKA2CT5MN', ip: '93.77.153.89', os.name: 'Windows 7', os.arch: 'amd64', os.version: '6.1', java.version: '1.7.0_51'
Session ID: 8a7399422474be25fde9ab5e83ce9da4
Driver info: org.openqa.selenium.chrome.ChromeDriver
Capabilities [{platform=XP, acceptSslCerts=true, javascriptEnabled=true, browserName=chrome, chrome={userDataDir=C:\Users\mahas\AppData\Local\Temp\scoped_dir7804_328}, rotatable=false, locationContextEnabled=true, version=35.0.1916.153, takesHeapSnapshot=true, cssSelectorsEnabled=true, databaseEnabled=false, handlesAlerts=true, browserConnectionEnabled=false, nativeEvents=true, webStorageEnabled=true, applicationCacheEnabled=false, takesScreenshot=true}]<p>]]>
            </line>
            <line>
              <![CDATA[<b>Was cliked on webelement with locator:</b>&nbspid("gh-ug")/a[1]; Element html tag: a<p>Sign in<p>]]>
            </line>
            <line>
              <![CDATA[<b>After clickON</b><p>]]>
            </line>
            <line>
              <![CDATA[<b>Change was performed on element with locator:</b>&nbspid("userid"); Element html tag: input<p><p>]]>
            </line>
            <line>
              <![CDATA[<b>Change was performed on element with locator:</b>&nbspid("userid"); Element html tag: input<p><p>]]>
            </line>
            <line>
              <![CDATA[<b>Change was performed on element with locator:</b>&nbspid("pass"); Element html tag: input<p><p>]]>
            </line>
            <line>
              <![CDATA[<b>Change was performed on element with locator:</b>&nbspid("pass"); Element html tag: input<p><p>]]>
            </line>
            <line>
              <![CDATA[<b>Was cliked on webelement with locator:</b>&nbspid("sgnbt"); Element html tag: input<p><p>]]>
            </line>
            <line>
              <![CDATA[<b>After clickON</b><p>]]>
            </line>
            <line>
              <![CDATA[<b>Change was performed on element with locator:</b>&nbspid("gh-ac"); Element html tag: input<p><p>]]>
            </line>
            <line>
              <![CDATA[<b>Was cliked on webelement with locator:</b>&nbspid("gh-btn"); Element html tag: input<p><p>]]>
            </line>
            <line>
              <![CDATA[<b>After clickON</b><p>]]>
            </line>
            <line>
              <![CDATA[<b>Was cliked on webelement with locator:</b>&nbspid("gh-ug"); Element html tag: a<p>Hi, Max!<p>]]>
            </line>
            <line>
              <![CDATA[<b>After clickON</b><p>]]>
            </line>
            <line>
              <![CDATA[<b>Was cliked on webelement with locator:</b>&nbspid("gh-uo")/a[1]; Element html tag: a<p>Sign out<p>]]>
            </line>
            <line>
              <![CDATA[<b>After clickON</b><p>]]>
            </line>
          </reporter-output>
        </test-method> <!-- testSearch -->
        <test-method status="PASS" signature="ShutDown()[pri:0, instance:com.home.test.pages.SearchPageTest@4a17babb]" name="ShutDown" is-config="true" duration-ms="1470" started-at="2014-07-07T19:52:22Z" finished-at="2014-07-07T19:52:24Z">
          <reporter-output>
          </reporter-output>
        </test-method> <!-- ShutDown -->
      </class> <!-- com.home.test.pages.SearchPageTest -->
      <class name="com.home.test.pages.LoginPageTest">
        <test-method status="PASS" signature="OpenPage()[pri:0, instance:com.home.test.pages.LoginPageTest@684ee543]" name="OpenPage" is-config="true" duration-ms="3211" started-at="2014-07-07T19:51:38Z" finished-at="2014-07-07T19:51:41Z">
          <reporter-output>
            <line>
              <![CDATA[<b>Navigated to the url:</b>&nbsphttp://www.ebay.com/<p>]]>
            </line>
          </reporter-output>
        </test-method> <!-- OpenPage -->
        <test-method status="PASS" signature="testLogin()[pri:0, instance:com.home.test.pages.LoginPageTest@684ee543]" name="testLogin" duration-ms="10033" started-at="2014-07-07T19:51:41Z" finished-at="2014-07-07T19:51:51Z">
          <reporter-output>
            <line>
              <![CDATA[<p><b>WebDriver Exception throwed:</b>&nbspno such element
  (Session info: chrome=35.0.1916.153)
  (Driver info: chromedriver=2.9.248315,platform=Windows NT 6.1 SP1 x86_64) (WARNING: The server did not provide any stacktrace information)
Command duration or timeout: 10.03 seconds
For documentation on this error, please visit: http://seleniumhq.org/exceptions/no_such_element.html
Build info: version: '2.42.2', revision: '6a6995d', time: '2014-06-03 17:42:03'
System info: host: 'WIN-6TNKA2CT5MN', ip: '93.77.153.89', os.name: 'Windows 7', os.arch: 'amd64', os.version: '6.1', java.version: '1.7.0_51'
Session ID: 8a7399422474be25fde9ab5e83ce9da4
Driver info: org.openqa.selenium.chrome.ChromeDriver
Capabilities [{platform=XP, acceptSslCerts=true, javascriptEnabled=true, browserName=chrome, chrome={userDataDir=C:\Users\mahas\AppData\Local\Temp\scoped_dir7804_328}, rotatable=false, locationContextEnabled=true, version=35.0.1916.153, takesHeapSnapshot=true, cssSelectorsEnabled=true, databaseEnabled=false, handlesAlerts=true, browserConnectionEnabled=false, nativeEvents=true, webStorageEnabled=true, applicationCacheEnabled=false, takesScreenshot=true}]<p>]]>
            </line>
          </reporter-output>
        </test-method> <!-- testLogin -->
        <test-method status="PASS" signature="OpenPage()[pri:0, instance:com.home.test.pages.LoginPageTest@684ee543]" name="OpenPage" is-config="true" duration-ms="4" started-at="2014-07-07T19:51:51Z" finished-at="2014-07-07T19:51:51Z">
          <reporter-output>
          </reporter-output>
        </test-method> <!-- OpenPage -->
        <test-method status="PASS" signature="LogOut()[pri:0, instance:com.home.test.pages.LoginPageTest@684ee543]" name="LogOut" duration-ms="2833" started-at="2014-07-07T19:51:51Z" finished-at="2014-07-07T19:51:54Z">
          <reporter-output>
            <line>
              <![CDATA[<b>Was cliked on webelement with locator:</b>&nbspid("gh-ug"); Element html tag: a<p>Hi, Max!<p>]]>
            </line>
            <line>
              <![CDATA[<b>After clickON</b><p>]]>
            </line>
            <line>
              <![CDATA[<b>Was cliked on webelement with locator:</b>&nbspid("gh-uo")/a[1]; Element html tag: a<p>Sign out<p>]]>
            </line>
            <line>
              <![CDATA[<b>After clickON</b><p>]]>
            </line>
          </reporter-output>
        </test-method> <!-- LogOut -->
      </class> <!-- com.home.test.pages.LoginPageTest -->
    </test> <!-- tests on Internet Explorer -->
  </suite> <!-- Testing on Internet Explorer -->
  <suite name="Testing on Chrome" duration-ms="95241" started-at="2014-07-07T16:54:19Z" finished-at="2014-07-07T16:55:54Z">
    <groups>
      <group name="home">
        <method signature="HomePageTest.testDeals()[pri:0, instance:com.home.test.pages.HomePageTest@6f8cc276]" name="testDeals" class="com.home.test.pages.HomePageTest"/>
        <method signature="HomePageTest.testNotifications()[pri:0, instance:com.home.test.pages.HomePageTest@6f8cc276]" name="testNotifications" class="com.home.test.pages.HomePageTest"/>
      </group> <!-- home -->
      <group name="ebayAll">
        <method signature="HomePageTest.testDeals()[pri:0, instance:com.home.test.pages.HomePageTest@6f8cc276]" name="testDeals" class="com.home.test.pages.HomePageTest"/>
        <method signature="HomePageTest.testNotifications()[pri:0, instance:com.home.test.pages.HomePageTest@6f8cc276]" name="testNotifications" class="com.home.test.pages.HomePageTest"/>
        <method signature="LoginPageTest.LogOut()[pri:0, instance:com.home.test.pages.LoginPageTest@2330a31]" name="LogOut" class="com.home.test.pages.LoginPageTest"/>
        <method signature="LoginPageTest.testLogin()[pri:0, instance:com.home.test.pages.LoginPageTest@2330a31]" name="testLogin" class="com.home.test.pages.LoginPageTest"/>
        <method signature="SearchPageTest.testSearch()[pri:0, instance:com.home.test.pages.SearchPageTest@11c836e8]" name="testSearch" class="com.home.test.pages.SearchPageTest"/>
      </group> <!-- ebayAll -->
      <group name="search">
        <method signature="SearchPageTest.testSearch()[pri:0, instance:com.home.test.pages.SearchPageTest@11c836e8]" name="testSearch" class="com.home.test.pages.SearchPageTest"/>
      </group> <!-- search -->
      <group name="login">
        <method signature="LoginPageTest.LogOut()[pri:0, instance:com.home.test.pages.LoginPageTest@2330a31]" name="LogOut" class="com.home.test.pages.LoginPageTest"/>
        <method signature="LoginPageTest.testLogin()[pri:0, instance:com.home.test.pages.LoginPageTest@2330a31]" name="testLogin" class="com.home.test.pages.LoginPageTest"/>
      </group> <!-- login -->
    </groups>
    <test name="tests on Google Chrome" duration-ms="95241" started-at="2014-07-07T16:54:19Z" finished-at="2014-07-07T16:55:54Z">
      <class name="com.home.test.pages.HomePageTest">
        <test-method status="PASS" signature="OpenPage()[pri:0, instance:com.home.test.pages.HomePageTest@6f8cc276]" name="OpenPage" is-config="true" duration-ms="6632" started-at="2014-07-07T19:54:19Z" finished-at="2014-07-07T19:54:25Z">
          <reporter-output>
            <line>
              <![CDATA[<b>Navigated to the url:</b>&nbsphttp://www.ebay.com/<p>]]>
            </line>
          </reporter-output>
        </test-method> <!-- OpenPage -->
        <test-method status="PASS" signature="testDeals()[pri:0, instance:com.home.test.pages.HomePageTest@6f8cc276]" name="testDeals" duration-ms="23710" started-at="2014-07-07T19:54:25Z" finished-at="2014-07-07T19:54:49Z">
          <reporter-output>
            <line>
              <![CDATA[<p><b>WebDriver Exception throwed:</b>&nbspno such element
  (Session info: chrome=35.0.1916.153)
  (Driver info: chromedriver=2.9.248315,platform=Windows NT 6.1 SP1 x86_64) (WARNING: The server did not provide any stacktrace information)
Command duration or timeout: 10.08 seconds
For documentation on this error, please visit: http://seleniumhq.org/exceptions/no_such_element.html
Build info: version: '2.42.2', revision: '6a6995d', time: '2014-06-03 17:42:03'
System info: host: 'WIN-6TNKA2CT5MN', ip: '93.77.153.89', os.name: 'Windows 7', os.arch: 'amd64', os.version: '6.1', java.version: '1.7.0_51'
Session ID: addd32f2369f8c4d991b42276c611cd8
Driver info: org.openqa.selenium.chrome.ChromeDriver
Capabilities [{platform=XP, acceptSslCerts=true, javascriptEnabled=true, browserName=chrome, chrome={userDataDir=C:\Users\mahas\AppData\Local\Temp\scoped_dir8084_26761}, rotatable=false, locationContextEnabled=true, version=35.0.1916.153, takesHeapSnapshot=true, cssSelectorsEnabled=true, databaseEnabled=false, handlesAlerts=true, browserConnectionEnabled=false, nativeEvents=true, webStorageEnabled=true, applicationCacheEnabled=false, takesScreenshot=true}]<p>]]>
            </line>
            <line>
              <![CDATA[<b>Was cliked on webelement with locator:</b>&nbspid("gh-ug")/a[1]; Element html tag: a<p>Sign in<p>]]>
            </line>
            <line>
              <![CDATA[<b>After clickON</b><p>]]>
            </line>
            <line>
              <![CDATA[<b>Change was performed on element with locator:</b>&nbspid("userid"); Element html tag: input<p><p>]]>
            </line>
            <line>
              <![CDATA[<b>Change was performed on element with locator:</b>&nbspid("userid"); Element html tag: input<p><p>]]>
            </line>
            <line>
              <![CDATA[<b>Change was performed on element with locator:</b>&nbspid("pass"); Element html tag: input<p><p>]]>
            </line>
            <line>
              <![CDATA[<b>Change was performed on element with locator:</b>&nbspid("pass"); Element html tag: input<p><p>]]>
            </line>
            <line>
              <![CDATA[<b>Was cliked on webelement with locator:</b>&nbspid("sgnbt"); Element html tag: input<p><p>]]>
            </line>
            <line>
              <![CDATA[<b>After clickON</b><p>]]>
            </line>
          </reporter-output>
        </test-method> <!-- testDeals -->
        <test-method status="PASS" signature="OpenPage()[pri:0, instance:com.home.test.pages.HomePageTest@6f8cc276]" name="OpenPage" is-config="true" duration-ms="0" started-at="2014-07-07T19:54:49Z" finished-at="2014-07-07T19:54:49Z">
          <reporter-output>
          </reporter-output>
        </test-method> <!-- OpenPage -->
        <test-method status="PASS" signature="testNotifications()[pri:0, instance:com.home.test.pages.HomePageTest@6f8cc276]" name="testNotifications" duration-ms="12516" started-at="2014-07-07T19:54:49Z" finished-at="2014-07-07T19:55:01Z">
          <reporter-output>
            <line>
              <![CDATA[<p><b>WebDriver Exception throwed:</b>&nbspno such element
  (Session info: chrome=35.0.1916.153)
  (Driver info: chromedriver=2.9.248315,platform=Windows NT 6.1 SP1 x86_64) (WARNING: The server did not provide any stacktrace information)
Command duration or timeout: 10.08 seconds
For documentation on this error, please visit: http://seleniumhq.org/exceptions/no_such_element.html
Build info: version: '2.42.2', revision: '6a6995d', time: '2014-06-03 17:42:03'
System info: host: 'WIN-6TNKA2CT5MN', ip: '93.77.153.89', os.name: 'Windows 7', os.arch: 'amd64', os.version: '6.1', java.version: '1.7.0_51'
Session ID: addd32f2369f8c4d991b42276c611cd8
Driver info: org.openqa.selenium.chrome.ChromeDriver
Capabilities [{platform=XP, acceptSslCerts=true, javascriptEnabled=true, browserName=chrome, chrome={userDataDir=C:\Users\mahas\AppData\Local\Temp\scoped_dir8084_26761}, rotatable=false, locationContextEnabled=true, version=35.0.1916.153, takesHeapSnapshot=true, cssSelectorsEnabled=true, databaseEnabled=false, handlesAlerts=true, browserConnectionEnabled=false, nativeEvents=true, webStorageEnabled=true, applicationCacheEnabled=false, takesScreenshot=true}]<p>]]>
            </line>
          </reporter-output>
        </test-method> <!-- testNotifications -->
      </class> <!-- com.home.test.pages.HomePageTest -->
      <class name="com.home.test.pages.SearchPageTest">
        <test-method status="PASS" signature="getWebDriver(java.lang.String)[pri:0, instance:com.home.test.pages.SearchPageTest@11c836e8]" name="getWebDriver" is-config="true" duration-ms="2978" started-at="2014-07-07T19:54:16Z" finished-at="2014-07-07T19:54:19Z">
          <params>
            <param index="0">
              <value>
                <![CDATA[chrome]]>
              </value>
            </param>
          </params>
          <reporter-output>
          </reporter-output>
        </test-method> <!-- getWebDriver -->
        <test-method status="PASS" signature="OpenPage()[pri:0, instance:com.home.test.pages.SearchPageTest@11c836e8]" name="OpenPage" is-config="true" duration-ms="4740" started-at="2014-07-07T19:55:20Z" finished-at="2014-07-07T19:55:25Z">
          <reporter-output>
            <line>
              <![CDATA[<b>Navigated to the url:</b>&nbsphttp://www.ebay.com/<p>]]>
            </line>
          </reporter-output>
        </test-method> <!-- OpenPage -->
        <test-method status="PASS" signature="testSearch()[pri:0, instance:com.home.test.pages.SearchPageTest@11c836e8]" name="testSearch" duration-ms="29029" started-at="2014-07-07T19:55:25Z" finished-at="2014-07-07T19:55:54Z">
          <reporter-output>
            <line>
              <![CDATA[<p><b>WebDriver Exception throwed:</b>&nbspno such element
  (Session info: chrome=35.0.1916.153)
  (Driver info: chromedriver=2.9.248315,platform=Windows NT 6.1 SP1 x86_64) (WARNING: The server did not provide any stacktrace information)
Command duration or timeout: 10.06 seconds
For documentation on this error, please visit: http://seleniumhq.org/exceptions/no_such_element.html
Build info: version: '2.42.2', revision: '6a6995d', time: '2014-06-03 17:42:03'
System info: host: 'WIN-6TNKA2CT5MN', ip: '93.77.153.89', os.name: 'Windows 7', os.arch: 'amd64', os.version: '6.1', java.version: '1.7.0_51'
Session ID: addd32f2369f8c4d991b42276c611cd8
Driver info: org.openqa.selenium.chrome.ChromeDriver
Capabilities [{platform=XP, acceptSslCerts=true, javascriptEnabled=true, browserName=chrome, chrome={userDataDir=C:\Users\mahas\AppData\Local\Temp\scoped_dir8084_26761}, rotatable=false, locationContextEnabled=true, version=35.0.1916.153, takesHeapSnapshot=true, cssSelectorsEnabled=true, databaseEnabled=false, handlesAlerts=true, browserConnectionEnabled=false, nativeEvents=true, webStorageEnabled=true, applicationCacheEnabled=false, takesScreenshot=true}]<p>]]>
            </line>
            <line>
              <![CDATA[<b>Was cliked on webelement with locator:</b>&nbspid("gh-ug")/a[1]; Element html tag: a<p>Sign in<p>]]>
            </line>
            <line>
              <![CDATA[<b>After clickON</b><p>]]>
            </line>
            <line>
              <![CDATA[<b>Change was performed on element with locator:</b>&nbspid("userid"); Element html tag: input<p><p>]]>
            </line>
            <line>
              <![CDATA[<b>Change was performed on element with locator:</b>&nbspid("userid"); Element html tag: input<p><p>]]>
            </line>
            <line>
              <![CDATA[<b>Change was performed on element with locator:</b>&nbspid("pass"); Element html tag: input<p><p>]]>
            </line>
            <line>
              <![CDATA[<b>Change was performed on element with locator:</b>&nbspid("pass"); Element html tag: input<p><p>]]>
            </line>
            <line>
              <![CDATA[<b>Was cliked on webelement with locator:</b>&nbspid("sgnbt"); Element html tag: input<p><p>]]>
            </line>
            <line>
              <![CDATA[<b>After clickON</b><p>]]>
            </line>
            <line>
              <![CDATA[<b>Change was performed on element with locator:</b>&nbspid("gh-ac"); Element html tag: input<p><p>]]>
            </line>
            <line>
              <![CDATA[<b>Was cliked on webelement with locator:</b>&nbspid("gh-btn"); Element html tag: input<p><p>]]>
            </line>
            <line>
              <![CDATA[<b>After clickON</b><p>]]>
            </line>
            <line>
              <![CDATA[<b>Was cliked on webelement with locator:</b>&nbspid("gh-ug"); Element html tag: a<p>Hi, Max!<p>]]>
            </line>
            <line>
              <![CDATA[<b>After clickON</b><p>]]>
            </line>
            <line>
              <![CDATA[<b>Was cliked on webelement with locator:</b>&nbspid("gh-uo")/a[1]; Element html tag: a<p>Sign out<p>]]>
            </line>
            <line>
              <![CDATA[<b>After clickON</b><p>]]>
            </line>
          </reporter-output>
        </test-method> <!-- testSearch -->
        <test-method status="PASS" signature="ShutDown()[pri:0, instance:com.home.test.pages.SearchPageTest@11c836e8]" name="ShutDown" is-config="true" duration-ms="1642" started-at="2014-07-07T19:55:54Z" finished-at="2014-07-07T19:55:55Z">
          <reporter-output>
          </reporter-output>
        </test-method> <!-- ShutDown -->
      </class> <!-- com.home.test.pages.SearchPageTest -->
      <class name="com.home.test.pages.LoginPageTest">
        <test-method status="PASS" signature="OpenPage()[pri:0, instance:com.home.test.pages.LoginPageTest@2330a31]" name="OpenPage" is-config="true" duration-ms="3639" started-at="2014-07-07T19:55:01Z" finished-at="2014-07-07T19:55:05Z">
          <reporter-output>
            <line>
              <![CDATA[<b>Navigated to the url:</b>&nbsphttp://www.ebay.com/<p>]]>
            </line>
          </reporter-output>
        </test-method> <!-- OpenPage -->
        <test-method status="PASS" signature="testLogin()[pri:0, instance:com.home.test.pages.LoginPageTest@2330a31]" name="testLogin" duration-ms="10125" started-at="2014-07-07T19:55:05Z" finished-at="2014-07-07T19:55:15Z">
          <reporter-output>
            <line>
              <![CDATA[<p><b>WebDriver Exception throwed:</b>&nbspno such element
  (Session info: chrome=35.0.1916.153)
  (Driver info: chromedriver=2.9.248315,platform=Windows NT 6.1 SP1 x86_64) (WARNING: The server did not provide any stacktrace information)
Command duration or timeout: 10.07 seconds
For documentation on this error, please visit: http://seleniumhq.org/exceptions/no_such_element.html
Build info: version: '2.42.2', revision: '6a6995d', time: '2014-06-03 17:42:03'
System info: host: 'WIN-6TNKA2CT5MN', ip: '93.77.153.89', os.name: 'Windows 7', os.arch: 'amd64', os.version: '6.1', java.version: '1.7.0_51'
Session ID: addd32f2369f8c4d991b42276c611cd8
Driver info: org.openqa.selenium.chrome.ChromeDriver
Capabilities [{platform=XP, acceptSslCerts=true, javascriptEnabled=true, browserName=chrome, chrome={userDataDir=C:\Users\mahas\AppData\Local\Temp\scoped_dir8084_26761}, rotatable=false, locationContextEnabled=true, version=35.0.1916.153, takesHeapSnapshot=true, cssSelectorsEnabled=true, databaseEnabled=false, handlesAlerts=true, browserConnectionEnabled=false, nativeEvents=true, webStorageEnabled=true, applicationCacheEnabled=false, takesScreenshot=true}]<p>]]>
            </line>
          </reporter-output>
        </test-method> <!-- testLogin -->
        <test-method status="PASS" signature="OpenPage()[pri:0, instance:com.home.test.pages.LoginPageTest@2330a31]" name="OpenPage" is-config="true" duration-ms="0" started-at="2014-07-07T19:55:15Z" finished-at="2014-07-07T19:55:15Z">
          <reporter-output>
          </reporter-output>
        </test-method> <!-- OpenPage -->
        <test-method status="PASS" signature="LogOut()[pri:0, instance:com.home.test.pages.LoginPageTest@2330a31]" name="LogOut" duration-ms="4815" started-at="2014-07-07T19:55:15Z" finished-at="2014-07-07T19:55:20Z">
          <reporter-output>
            <line>
              <![CDATA[<b>Was cliked on webelement with locator:</b>&nbspid("gh-ug"); Element html tag: a<p>Hi, Max!<p>]]>
            </line>
            <line>
              <![CDATA[<b>After clickON</b><p>]]>
            </line>
            <line>
              <![CDATA[<b>Was cliked on webelement with locator:</b>&nbspid("gh-uo")/a[1]; Element html tag: a<p>Sign out<p>]]>
            </line>
            <line>
              <![CDATA[<b>After clickON</b><p>]]>
            </line>
          </reporter-output>
        </test-method> <!-- LogOut -->
      </class> <!-- com.home.test.pages.LoginPageTest -->
    </test> <!-- tests on Google Chrome -->
  </suite> <!-- Testing on Chrome -->
  <suite name="Web Browsers" duration-ms="0" started-at="2014-07-07T16:55:55Z" finished-at="2014-07-07T16:55:55Z">
    <groups>
    </groups>
  </suite> <!-- Web Browsers -->
</testng-results>
