<?xml version="1.0" encoding="UTF-8"?>
<testng-results skipped="0" failed="0" total="5" passed="5">
  <reporter-output>
    <line>
      <![CDATA[<b>Navigated to the url:</b>&nbsphttp://www.ebay.com/<p>]]>
    </line>
    <line>
      <![CDATA[<b>Was cliked on webelement with locator:</b>&nbspid("gh-ug")/a[1]; Element html tag: a<p>Sign in<p>]]>
    </line>
    <line>
      <![CDATA[<b>After clickON</b><p>]]>
    </line>
    <line>
      <![CDATA[<b>Change was performed on element with locator:</b>&nbspid("userid"); Element html tag: input<p><p>]]>
    </line>
    <line>
      <![CDATA[<b>Change was performed on element with locator:</b>&nbspid("userid"); Element html tag: input<p><p>]]>
    </line>
    <line>
      <![CDATA[<b>Change was performed on element with locator:</b>&nbspid("pass"); Element html tag: input<p><p>]]>
    </line>
    <line>
      <![CDATA[<b>Change was performed on element with locator:</b>&nbspid("pass"); Element html tag: input<p><p>]]>
    </line>
    <line>
      <![CDATA[<b>Was cliked on webelement with locator:</b>&nbspid("sgnbt"); Element html tag: input<p><p>]]>
    </line>
    <line>
      <![CDATA[<b>After clickON</b><p>]]>
    </line>
    <line>
      <![CDATA[<p><b>WebDriver Exception throwed:</b>&nbspno such element
  (Session info: chrome=35.0.1916.153)
  (Driver info: chromedriver=2.9.248315,platform=Windows NT 6.1 SP1 x86_64) (WARNING: The server did not provide any stacktrace information)
Command duration or timeout: 10.01 seconds
For documentation on this error, please visit: http://seleniumhq.org/exceptions/no_such_element.html
Build info: version: '2.42.2', revision: '6a6995d', time: '2014-06-03 17:42:03'
System info: host: 'WIN-6TNKA2CT5MN', ip: '93.77.153.89', os.name: 'Windows 7', os.arch: 'amd64', os.version: '6.1', java.version: '1.7.0_51'
Session ID: 6501ea08b530881161831e66fe016dca
Driver info: org.openqa.selenium.chrome.ChromeDriver
Capabilities [{platform=XP, acceptSslCerts=true, javascriptEnabled=true, browserName=chrome, chrome={userDataDir=C:\Users\mahas\AppData\Local\Temp\scoped_dir5848_20636}, rotatable=false, locationContextEnabled=true, version=35.0.1916.153, takesHeapSnapshot=true, cssSelectorsEnabled=true, databaseEnabled=false, handlesAlerts=true, browserConnectionEnabled=false, nativeEvents=true, webStorageEnabled=true, applicationCacheEnabled=false, takesScreenshot=true}]<p>]]>
    </line>
    <line>
      <![CDATA[<b>Change was performed on element with locator:</b>&nbspid("userid"); Element html tag: input<p><p>]]>
    </line>
    <line>
      <![CDATA[<b>Change was performed on element with locator:</b>&nbspid("userid"); Element html tag: input<p><p>]]>
    </line>
    <line>
      <![CDATA[<b>Change was performed on element with locator:</b>&nbspid("pass"); Element html tag: input<p><p>]]>
    </line>
    <line>
      <![CDATA[<b>Change was performed on element with locator:</b>&nbspid("pass"); Element html tag: input<p><p>]]>
    </line>
    <line>
      <![CDATA[<b>Was cliked on webelement with locator:</b>&nbspid("sgnbt"); Element html tag: input<p><p>]]>
    </line>
    <line>
      <![CDATA[<b>After clickON</b><p>]]>
    </line>
    <line>
      <![CDATA[Test Status: Pass]]>
    </line>
    <line>
      <![CDATA[<a href=C:\Users\mahas\git\EbayTestFramework\EbayTest/target/screenshots/testLogin/testLogin_07_07_2014_06_12_38.png target='_blank' ><p><br/><img src="file:///C:\Users\mahas\git\EbayTestFramework\EbayTest/target/screenshots/testLogin/testLogin_07_07_2014_06_12_38.png" width="600" height="338" alt=""/><br/></p></a>]]>
    </line>
    <line>
      <![CDATA[<b>Was cliked on webelement with locator:</b>&nbspid("gh-ug"); Element html tag: a<p>Hi, Max!<p>]]>
    </line>
    <line>
      <![CDATA[<b>After clickON</b><p>]]>
    </line>
    <line>
      <![CDATA[<b>Was cliked on webelement with locator:</b>&nbspid("gh-uo")/a[1]; Element html tag: a<p>Sign out<p>]]>
    </line>
    <line>
      <![CDATA[<b>After clickON</b><p>]]>
    </line>
    <line>
      <![CDATA[Test Status: Pass]]>
    </line>
    <line>
      <![CDATA[<a href=C:\Users\mahas\git\EbayTestFramework\EbayTest/target/screenshots/LogOut/LogOut_07_07_2014_06_12_44.png target='_blank' ><p><br/><img src="file:///C:\Users\mahas\git\EbayTestFramework\EbayTest/target/screenshots/LogOut/LogOut_07_07_2014_06_12_44.png" width="600" height="338" alt=""/><br/></p></a>]]>
    </line>
    <line>
      <![CDATA[<b>Navigated to the url:</b>&nbsphttp://www.ebay.com/<p>]]>
    </line>
    <line>
      <![CDATA[<p><b>WebDriver Exception throwed:</b>&nbspno such element
  (Session info: chrome=35.0.1916.153)
  (Driver info: chromedriver=2.9.248315,platform=Windows NT 6.1 SP1 x86_64) (WARNING: The server did not provide any stacktrace information)
Command duration or timeout: 10.05 seconds
For documentation on this error, please visit: http://seleniumhq.org/exceptions/no_such_element.html
Build info: version: '2.42.2', revision: '6a6995d', time: '2014-06-03 17:42:03'
System info: host: 'WIN-6TNKA2CT5MN', ip: '93.77.153.89', os.name: 'Windows 7', os.arch: 'amd64', os.version: '6.1', java.version: '1.7.0_51'
Session ID: 6501ea08b530881161831e66fe016dca
Driver info: org.openqa.selenium.chrome.ChromeDriver
Capabilities [{platform=XP, acceptSslCerts=true, javascriptEnabled=true, browserName=chrome, chrome={userDataDir=C:\Users\mahas\AppData\Local\Temp\scoped_dir5848_20636}, rotatable=false, locationContextEnabled=true, version=35.0.1916.153, takesHeapSnapshot=true, cssSelectorsEnabled=true, databaseEnabled=false, handlesAlerts=true, browserConnectionEnabled=false, nativeEvents=true, webStorageEnabled=true, applicationCacheEnabled=false, takesScreenshot=true}]<p>]]>
    </line>
    <line>
      <![CDATA[<b>Was cliked on webelement with locator:</b>&nbspid("gh-ug")/a[1]; Element html tag: a<p>Sign in<p>]]>
    </line>
    <line>
      <![CDATA[<b>After clickON</b><p>]]>
    </line>
    <line>
      <![CDATA[<b>Change was performed on element with locator:</b>&nbspid("userid"); Element html tag: input<p><p>]]>
    </line>
    <line>
      <![CDATA[<b>Change was performed on element with locator:</b>&nbspid("userid"); Element html tag: input<p><p>]]>
    </line>
    <line>
      <![CDATA[<b>Change was performed on element with locator:</b>&nbspid("pass"); Element html tag: input<p><p>]]>
    </line>
    <line>
      <![CDATA[<b>Change was performed on element with locator:</b>&nbspid("pass"); Element html tag: input<p><p>]]>
    </line>
    <line>
      <![CDATA[<b>Was cliked on webelement with locator:</b>&nbspid("sgnbt"); Element html tag: input<p><p>]]>
    </line>
    <line>
      <![CDATA[<b>After clickON</b><p>]]>
    </line>
    <line>
      <![CDATA[Test Status: Pass]]>
    </line>
    <line>
      <![CDATA[<a href=C:\Users\mahas\git\EbayTestFramework\EbayTest/target/screenshots/testDeals/testDeals_07_07_2014_06_13_06.png target='_blank' ><p><br/><img src="file:///C:\Users\mahas\git\EbayTestFramework\EbayTest/target/screenshots/testDeals/testDeals_07_07_2014_06_13_06.png" width="600" height="338" alt=""/><br/></p></a>]]>
    </line>
    <line>
      <![CDATA[<p><b>WebDriver Exception throwed:</b>&nbspno such element
  (Session info: chrome=35.0.1916.153)
  (Driver info: chromedriver=2.9.248315,platform=Windows NT 6.1 SP1 x86_64) (WARNING: The server did not provide any stacktrace information)
Command duration or timeout: 10.01 seconds
For documentation on this error, please visit: http://seleniumhq.org/exceptions/no_such_element.html
Build info: version: '2.42.2', revision: '6a6995d', time: '2014-06-03 17:42:03'
System info: host: 'WIN-6TNKA2CT5MN', ip: '93.77.153.89', os.name: 'Windows 7', os.arch: 'amd64', os.version: '6.1', java.version: '1.7.0_51'
Session ID: 6501ea08b530881161831e66fe016dca
Driver info: org.openqa.selenium.chrome.ChromeDriver
Capabilities [{platform=XP, acceptSslCerts=true, javascriptEnabled=true, browserName=chrome, chrome={userDataDir=C:\Users\mahas\AppData\Local\Temp\scoped_dir5848_20636}, rotatable=false, locationContextEnabled=true, version=35.0.1916.153, takesHeapSnapshot=true, cssSelectorsEnabled=true, databaseEnabled=false, handlesAlerts=true, browserConnectionEnabled=false, nativeEvents=true, webStorageEnabled=true, applicationCacheEnabled=false, takesScreenshot=true}]<p>]]>
    </line>
    <line>
      <![CDATA[Test Status: Pass]]>
    </line>
    <line>
      <![CDATA[<a href=C:\Users\mahas\git\EbayTestFramework\EbayTest/target/screenshots/testNotifications/testNotifications_07_07_2014_06_13_22.png target='_blank' ><p><br/><img src="file:///C:\Users\mahas\git\EbayTestFramework\EbayTest/target/screenshots/testNotifications/testNotifications_07_07_2014_06_13_22.png" width="600" height="338" alt=""/><br/></p></a>]]>
    </line>
    <line>
      <![CDATA[<b>Navigated to the url:</b>&nbsphttp://www.ebay.com/<p>]]>
    </line>
    <line>
      <![CDATA[<b>Change was performed on element with locator:</b>&nbspid("gh-ac"); Element html tag: input<p><p>]]>
    </line>
    <line>
      <![CDATA[<b>Was cliked on webelement with locator:</b>&nbspid("gh-btn"); Element html tag: input<p><p>]]>
    </line>
    <line>
      <![CDATA[<b>After clickON</b><p>]]>
    </line>
    <line>
      <![CDATA[<b>Was cliked on webelement with locator:</b>&nbspid("gh-ug"); Element html tag: a<p>Hi, Max!<p>]]>
    </line>
    <line>
      <![CDATA[<b>After clickON</b><p>]]>
    </line>
    <line>
      <![CDATA[<b>Was cliked on webelement with locator:</b>&nbspid("gh-uo")/a[1]; Element html tag: a<p>Sign out<p>]]>
    </line>
    <line>
      <![CDATA[<b>After clickON</b><p>]]>
    </line>
    <line>
      <![CDATA[Test Status: Pass]]>
    </line>
    <line>
      <![CDATA[<a href=C:\Users\mahas\git\EbayTestFramework\EbayTest/target/screenshots/testSearch/testSearch_07_07_2014_06_13_33.png target='_blank' ><p><br/><img src="file:///C:\Users\mahas\git\EbayTestFramework\EbayTest/target/screenshots/testSearch/testSearch_07_07_2014_06_13_33.png" width="600" height="338" alt=""/><br/></p></a>]]>
    </line>
  </reporter-output>
  <suite name="BaseTesting" duration-ms="87849" started-at="2014-07-07T15:12:05Z" finished-at="2014-07-07T15:13:33Z">
    <groups>
      <group name="home">
        <method signature="HomePageTest.testDeals()[pri:0, instance:com.home.test.pages.HomePageTest@59c0fef4]" name="testDeals" class="com.home.test.pages.HomePageTest"/>
        <method signature="HomePageTest.testNotifications()[pri:0, instance:com.home.test.pages.HomePageTest@59c0fef4]" name="testNotifications" class="com.home.test.pages.HomePageTest"/>
      </group> <!-- home -->
      <group name="ebayAll">
        <method signature="LoginPageTest.LogOut()[pri:0, instance:com.home.test.pages.LoginPageTest@6ec76003]" name="LogOut" class="com.home.test.pages.LoginPageTest"/>
        <method signature="LoginPageTest.testLogin()[pri:0, instance:com.home.test.pages.LoginPageTest@6ec76003]" name="testLogin" class="com.home.test.pages.LoginPageTest"/>
        <method signature="HomePageTest.testDeals()[pri:0, instance:com.home.test.pages.HomePageTest@59c0fef4]" name="testDeals" class="com.home.test.pages.HomePageTest"/>
        <method signature="HomePageTest.testNotifications()[pri:0, instance:com.home.test.pages.HomePageTest@59c0fef4]" name="testNotifications" class="com.home.test.pages.HomePageTest"/>
        <method signature="SearchPageTest.testSearch()[pri:0, instance:com.home.test.pages.SearchPageTest@1da477bf]" name="testSearch" class="com.home.test.pages.SearchPageTest"/>
      </group> <!-- ebayAll -->
      <group name="search">
        <method signature="SearchPageTest.testSearch()[pri:0, instance:com.home.test.pages.SearchPageTest@1da477bf]" name="testSearch" class="com.home.test.pages.SearchPageTest"/>
      </group> <!-- search -->
      <group name="login">
        <method signature="LoginPageTest.LogOut()[pri:0, instance:com.home.test.pages.LoginPageTest@6ec76003]" name="LogOut" class="com.home.test.pages.LoginPageTest"/>
        <method signature="LoginPageTest.testLogin()[pri:0, instance:com.home.test.pages.LoginPageTest@6ec76003]" name="testLogin" class="com.home.test.pages.LoginPageTest"/>
      </group> <!-- login -->
    </groups>
    <test name="LoginPageTests" duration-ms="38785" started-at="2014-07-07T15:12:05Z" finished-at="2014-07-07T15:12:44Z">
      <class name="com.home.test.pages.LoginPageTest">
        <test-method status="PASS" signature="OpenPage()[pri:0, instance:com.home.test.pages.LoginPageTest@6ec76003]" name="OpenPage" is-config="true" duration-ms="5040" started-at="2014-07-07T18:12:05Z" finished-at="2014-07-07T18:12:10Z">
          <reporter-output>
            <line>
              <![CDATA[<b>Navigated to the url:</b>&nbsphttp://www.ebay.com/<p>]]>
            </line>
          </reporter-output>
        </test-method> <!-- OpenPage -->
        <test-method status="PASS" signature="testLogin()[pri:0, instance:com.home.test.pages.LoginPageTest@6ec76003]" name="testLogin" duration-ms="24314" started-at="2014-07-07T18:12:10Z" finished-at="2014-07-07T18:12:34Z">
          <reporter-output>
            <line>
              <![CDATA[<b>Was cliked on webelement with locator:</b>&nbspid("gh-ug")/a[1]; Element html tag: a<p>Sign in<p>]]>
            </line>
            <line>
              <![CDATA[<b>After clickON</b><p>]]>
            </line>
            <line>
              <![CDATA[<b>Change was performed on element with locator:</b>&nbspid("userid"); Element html tag: input<p><p>]]>
            </line>
            <line>
              <![CDATA[<b>Change was performed on element with locator:</b>&nbspid("userid"); Element html tag: input<p><p>]]>
            </line>
            <line>
              <![CDATA[<b>Change was performed on element with locator:</b>&nbspid("pass"); Element html tag: input<p><p>]]>
            </line>
            <line>
              <![CDATA[<b>Change was performed on element with locator:</b>&nbspid("pass"); Element html tag: input<p><p>]]>
            </line>
            <line>
              <![CDATA[<b>Was cliked on webelement with locator:</b>&nbspid("sgnbt"); Element html tag: input<p><p>]]>
            </line>
            <line>
              <![CDATA[<b>After clickON</b><p>]]>
            </line>
            <line>
              <![CDATA[<p><b>WebDriver Exception throwed:</b>&nbspno such element
  (Session info: chrome=35.0.1916.153)
  (Driver info: chromedriver=2.9.248315,platform=Windows NT 6.1 SP1 x86_64) (WARNING: The server did not provide any stacktrace information)
Command duration or timeout: 10.01 seconds
For documentation on this error, please visit: http://seleniumhq.org/exceptions/no_such_element.html
Build info: version: '2.42.2', revision: '6a6995d', time: '2014-06-03 17:42:03'
System info: host: 'WIN-6TNKA2CT5MN', ip: '93.77.153.89', os.name: 'Windows 7', os.arch: 'amd64', os.version: '6.1', java.version: '1.7.0_51'
Session ID: 6501ea08b530881161831e66fe016dca
Driver info: org.openqa.selenium.chrome.ChromeDriver
Capabilities [{platform=XP, acceptSslCerts=true, javascriptEnabled=true, browserName=chrome, chrome={userDataDir=C:\Users\mahas\AppData\Local\Temp\scoped_dir5848_20636}, rotatable=false, locationContextEnabled=true, version=35.0.1916.153, takesHeapSnapshot=true, cssSelectorsEnabled=true, databaseEnabled=false, handlesAlerts=true, browserConnectionEnabled=false, nativeEvents=true, webStorageEnabled=true, applicationCacheEnabled=false, takesScreenshot=true}]<p>]]>
            </line>
            <line>
              <![CDATA[<b>Change was performed on element with locator:</b>&nbspid("userid"); Element html tag: input<p><p>]]>
            </line>
            <line>
              <![CDATA[<b>Change was performed on element with locator:</b>&nbspid("userid"); Element html tag: input<p><p>]]>
            </line>
            <line>
              <![CDATA[<b>Change was performed on element with locator:</b>&nbspid("pass"); Element html tag: input<p><p>]]>
            </line>
            <line>
              <![CDATA[<b>Change was performed on element with locator:</b>&nbspid("pass"); Element html tag: input<p><p>]]>
            </line>
            <line>
              <![CDATA[<b>Was cliked on webelement with locator:</b>&nbspid("sgnbt"); Element html tag: input<p><p>]]>
            </line>
            <line>
              <![CDATA[<b>After clickON</b><p>]]>
            </line>
            <line>
              <![CDATA[Test Status: Pass]]>
            </line>
            <line>
              <![CDATA[<a href=C:\Users\mahas\git\EbayTestFramework\EbayTest/target/screenshots/testLogin/testLogin_07_07_2014_06_12_38.png target='_blank' ><p><br/><img src="file:///C:\Users\mahas\git\EbayTestFramework\EbayTest/target/screenshots/testLogin/testLogin_07_07_2014_06_12_38.png" width="600" height="338" alt=""/><br/></p></a>]]>
            </line>
          </reporter-output>
        </test-method> <!-- testLogin -->
        <test-method status="PASS" signature="OpenPage()[pri:0, instance:com.home.test.pages.LoginPageTest@6ec76003]" name="OpenPage" is-config="true" duration-ms="0" started-at="2014-07-07T18:12:38Z" finished-at="2014-07-07T18:12:38Z">
          <reporter-output>
          </reporter-output>
        </test-method> <!-- OpenPage -->
        <test-method status="PASS" signature="LogOut()[pri:0, instance:com.home.test.pages.LoginPageTest@6ec76003]" name="LogOut" duration-ms="2374" started-at="2014-07-07T18:12:38Z" finished-at="2014-07-07T18:12:40Z">
          <reporter-output>
            <line>
              <![CDATA[<b>Was cliked on webelement with locator:</b>&nbspid("gh-ug"); Element html tag: a<p>Hi, Max!<p>]]>
            </line>
            <line>
              <![CDATA[<b>After clickON</b><p>]]>
            </line>
            <line>
              <![CDATA[<b>Was cliked on webelement with locator:</b>&nbspid("gh-uo")/a[1]; Element html tag: a<p>Sign out<p>]]>
            </line>
            <line>
              <![CDATA[<b>After clickON</b><p>]]>
            </line>
            <line>
              <![CDATA[Test Status: Pass]]>
            </line>
            <line>
              <![CDATA[<a href=C:\Users\mahas\git\EbayTestFramework\EbayTest/target/screenshots/LogOut/LogOut_07_07_2014_06_12_44.png target='_blank' ><p><br/><img src="file:///C:\Users\mahas\git\EbayTestFramework\EbayTest/target/screenshots/LogOut/LogOut_07_07_2014_06_12_44.png" width="600" height="338" alt=""/><br/></p></a>]]>
            </line>
          </reporter-output>
        </test-method> <!-- LogOut -->
      </class> <!-- com.home.test.pages.LoginPageTest -->
    </test> <!-- LoginPageTests -->
    <test name="HomePageTests" duration-ms="38631" started-at="2014-07-07T15:12:44Z" finished-at="2014-07-07T15:13:22Z">
      <class name="com.home.test.pages.HomePageTest">
        <test-method status="PASS" signature="OpenPage()[pri:0, instance:com.home.test.pages.HomePageTest@59c0fef4]" name="OpenPage" is-config="true" duration-ms="2469" started-at="2014-07-07T18:12:44Z" finished-at="2014-07-07T18:12:46Z">
          <reporter-output>
            <line>
              <![CDATA[<b>Navigated to the url:</b>&nbsphttp://www.ebay.com/<p>]]>
            </line>
          </reporter-output>
        </test-method> <!-- OpenPage -->
        <test-method status="PASS" signature="testDeals()[pri:0, instance:com.home.test.pages.HomePageTest@59c0fef4]" name="testDeals" duration-ms="16516" started-at="2014-07-07T18:12:46Z" finished-at="2014-07-07T18:13:03Z">
          <reporter-output>
            <line>
              <![CDATA[<p><b>WebDriver Exception throwed:</b>&nbspno such element
  (Session info: chrome=35.0.1916.153)
  (Driver info: chromedriver=2.9.248315,platform=Windows NT 6.1 SP1 x86_64) (WARNING: The server did not provide any stacktrace information)
Command duration or timeout: 10.05 seconds
For documentation on this error, please visit: http://seleniumhq.org/exceptions/no_such_element.html
Build info: version: '2.42.2', revision: '6a6995d', time: '2014-06-03 17:42:03'
System info: host: 'WIN-6TNKA2CT5MN', ip: '93.77.153.89', os.name: 'Windows 7', os.arch: 'amd64', os.version: '6.1', java.version: '1.7.0_51'
Session ID: 6501ea08b530881161831e66fe016dca
Driver info: org.openqa.selenium.chrome.ChromeDriver
Capabilities [{platform=XP, acceptSslCerts=true, javascriptEnabled=true, browserName=chrome, chrome={userDataDir=C:\Users\mahas\AppData\Local\Temp\scoped_dir5848_20636}, rotatable=false, locationContextEnabled=true, version=35.0.1916.153, takesHeapSnapshot=true, cssSelectorsEnabled=true, databaseEnabled=false, handlesAlerts=true, browserConnectionEnabled=false, nativeEvents=true, webStorageEnabled=true, applicationCacheEnabled=false, takesScreenshot=true}]<p>]]>
            </line>
            <line>
              <![CDATA[<b>Was cliked on webelement with locator:</b>&nbspid("gh-ug")/a[1]; Element html tag: a<p>Sign in<p>]]>
            </line>
            <line>
              <![CDATA[<b>After clickON</b><p>]]>
            </line>
            <line>
              <![CDATA[<b>Change was performed on element with locator:</b>&nbspid("userid"); Element html tag: input<p><p>]]>
            </line>
            <line>
              <![CDATA[<b>Change was performed on element with locator:</b>&nbspid("userid"); Element html tag: input<p><p>]]>
            </line>
            <line>
              <![CDATA[<b>Change was performed on element with locator:</b>&nbspid("pass"); Element html tag: input<p><p>]]>
            </line>
            <line>
              <![CDATA[<b>Change was performed on element with locator:</b>&nbspid("pass"); Element html tag: input<p><p>]]>
            </line>
            <line>
              <![CDATA[<b>Was cliked on webelement with locator:</b>&nbspid("sgnbt"); Element html tag: input<p><p>]]>
            </line>
            <line>
              <![CDATA[<b>After clickON</b><p>]]>
            </line>
            <line>
              <![CDATA[Test Status: Pass]]>
            </line>
            <line>
              <![CDATA[<a href=C:\Users\mahas\git\EbayTestFramework\EbayTest/target/screenshots/testDeals/testDeals_07_07_2014_06_13_06.png target='_blank' ><p><br/><img src="file:///C:\Users\mahas\git\EbayTestFramework\EbayTest/target/screenshots/testDeals/testDeals_07_07_2014_06_13_06.png" width="600" height="338" alt=""/><br/></p></a>]]>
            </line>
          </reporter-output>
        </test-method> <!-- testDeals -->
        <test-method status="PASS" signature="OpenPage()[pri:0, instance:com.home.test.pages.HomePageTest@59c0fef4]" name="OpenPage" is-config="true" duration-ms="0" started-at="2014-07-07T18:13:06Z" finished-at="2014-07-07T18:13:06Z">
          <reporter-output>
          </reporter-output>
        </test-method> <!-- OpenPage -->
        <test-method status="PASS" signature="testNotifications()[pri:0, instance:com.home.test.pages.HomePageTest@59c0fef4]" name="testNotifications" duration-ms="12747" started-at="2014-07-07T18:13:06Z" finished-at="2014-07-07T18:13:19Z">
          <reporter-output>
            <line>
              <![CDATA[<p><b>WebDriver Exception throwed:</b>&nbspno such element
  (Session info: chrome=35.0.1916.153)
  (Driver info: chromedriver=2.9.248315,platform=Windows NT 6.1 SP1 x86_64) (WARNING: The server did not provide any stacktrace information)
Command duration or timeout: 10.01 seconds
For documentation on this error, please visit: http://seleniumhq.org/exceptions/no_such_element.html
Build info: version: '2.42.2', revision: '6a6995d', time: '2014-06-03 17:42:03'
System info: host: 'WIN-6TNKA2CT5MN', ip: '93.77.153.89', os.name: 'Windows 7', os.arch: 'amd64', os.version: '6.1', java.version: '1.7.0_51'
Session ID: 6501ea08b530881161831e66fe016dca
Driver info: org.openqa.selenium.chrome.ChromeDriver
Capabilities [{platform=XP, acceptSslCerts=true, javascriptEnabled=true, browserName=chrome, chrome={userDataDir=C:\Users\mahas\AppData\Local\Temp\scoped_dir5848_20636}, rotatable=false, locationContextEnabled=true, version=35.0.1916.153, takesHeapSnapshot=true, cssSelectorsEnabled=true, databaseEnabled=false, handlesAlerts=true, browserConnectionEnabled=false, nativeEvents=true, webStorageEnabled=true, applicationCacheEnabled=false, takesScreenshot=true}]<p>]]>
            </line>
            <line>
              <![CDATA[Test Status: Pass]]>
            </line>
            <line>
              <![CDATA[<a href=C:\Users\mahas\git\EbayTestFramework\EbayTest/target/screenshots/testNotifications/testNotifications_07_07_2014_06_13_22.png target='_blank' ><p><br/><img src="file:///C:\Users\mahas\git\EbayTestFramework\EbayTest/target/screenshots/testNotifications/testNotifications_07_07_2014_06_13_22.png" width="600" height="338" alt=""/><br/></p></a>]]>
            </line>
          </reporter-output>
        </test-method> <!-- testNotifications -->
      </class> <!-- com.home.test.pages.HomePageTest -->
    </test> <!-- HomePageTests -->
    <test name="SearchPageTests" duration-ms="10380" started-at="2014-07-07T15:13:22Z" finished-at="2014-07-07T15:13:33Z">
      <class name="com.home.test.pages.SearchPageTest">
        <test-method status="PASS" signature="getWebDriver(java.lang.String)[pri:0, instance:com.home.test.pages.SearchPageTest@1da477bf]" name="getWebDriver" is-config="true" duration-ms="4185" started-at="2014-07-07T18:12:01Z" finished-at="2014-07-07T18:12:05Z">
          <params>
            <param index="0">
              <value>
                <![CDATA[chrome]]>
              </value>
            </param>
          </params>
          <reporter-output>
          </reporter-output>
        </test-method> <!-- getWebDriver -->
        <test-method status="PASS" signature="OpenPage()[pri:0, instance:com.home.test.pages.SearchPageTest@1da477bf]" name="OpenPage" is-config="true" duration-ms="2547" started-at="2014-07-07T18:13:22Z" finished-at="2014-07-07T18:13:25Z">
          <reporter-output>
            <line>
              <![CDATA[<b>Navigated to the url:</b>&nbsphttp://www.ebay.com/<p>]]>
            </line>
          </reporter-output>
        </test-method> <!-- OpenPage -->
        <test-method status="PASS" signature="testSearch()[pri:0, instance:com.home.test.pages.SearchPageTest@1da477bf]" name="testSearch" duration-ms="4544" started-at="2014-07-07T18:13:25Z" finished-at="2014-07-07T18:13:29Z">
          <reporter-output>
            <line>
              <![CDATA[<b>Change was performed on element with locator:</b>&nbspid("gh-ac"); Element html tag: input<p><p>]]>
            </line>
            <line>
              <![CDATA[<b>Was cliked on webelement with locator:</b>&nbspid("gh-btn"); Element html tag: input<p><p>]]>
            </line>
            <line>
              <![CDATA[<b>After clickON</b><p>]]>
            </line>
            <line>
              <![CDATA[<b>Was cliked on webelement with locator:</b>&nbspid("gh-ug"); Element html tag: a<p>Hi, Max!<p>]]>
            </line>
            <line>
              <![CDATA[<b>After clickON</b><p>]]>
            </line>
            <line>
              <![CDATA[<b>Was cliked on webelement with locator:</b>&nbspid("gh-uo")/a[1]; Element html tag: a<p>Sign out<p>]]>
            </line>
            <line>
              <![CDATA[<b>After clickON</b><p>]]>
            </line>
            <line>
              <![CDATA[Test Status: Pass]]>
            </line>
            <line>
              <![CDATA[<a href=C:\Users\mahas\git\EbayTestFramework\EbayTest/target/screenshots/testSearch/testSearch_07_07_2014_06_13_33.png target='_blank' ><p><br/><img src="file:///C:\Users\mahas\git\EbayTestFramework\EbayTest/target/screenshots/testSearch/testSearch_07_07_2014_06_13_33.png" width="600" height="338" alt=""/><br/></p></a>]]>
            </line>
          </reporter-output>
        </test-method> <!-- testSearch -->
        <test-method status="PASS" signature="ShutDown()[pri:0, instance:com.home.test.pages.SearchPageTest@1da477bf]" name="ShutDown" is-config="true" duration-ms="1946" started-at="2014-07-07T18:13:33Z" finished-at="2014-07-07T18:13:35Z">
          <reporter-output>
          </reporter-output>
        </test-method> <!-- ShutDown -->
      </class> <!-- com.home.test.pages.SearchPageTest -->
    </test> <!-- SearchPageTests -->
  </suite> <!-- BaseTesting -->
</testng-results>
