<?xml version="1.0" encoding="UTF-8"?>
<!-- Generated by org.testng.reporters.JUnitXMLReporter -->
<testsuite hostname="WIN-6TNKA2CT5MN" name="HomePageTests" tests="2" failures="0" timestamp="5 Jul 2014 08:40:55 GMT" time="6.068" errors="0">
  <testcase name="@BeforeMethod OpenPage" time="0.0" classname="com.home.test.pages.HomePageTest">
    <skipped/>
  </testcase> <!-- @BeforeMethod OpenPage -->
  <testcase name="@BeforeMethod OpenPage" time="0.0" classname="com.home.test.pages.HomePageTest">
    <skipped/>
  </testcase> <!-- @BeforeMethod OpenPage -->
  <testcase name="testDeals" time="0.0" classname="com.home.test.pages.HomePageTest">
    <skipped/>
  </testcase> <!-- testDeals -->
  <testcase name="testNotifications" time="0.0" classname="com.home.test.pages.HomePageTest">
    <skipped/>
  </testcase> <!-- testNotifications -->
</testsuite> <!-- HomePageTests -->
