<?xml version="1.0" encoding="UTF-8"?>
<!-- Generated by org.testng.reporters.JUnitXMLReporter -->
<testsuite hostname="WIN-6TNKA2CT5MN" name="GRP-ebayAll" tests="5" failures="0" timestamp="26 Jun 2014 10:57:07 GMT" time="159.272" errors="0">
  <testcase name="testDeals" time="75.51" classname="com.home.test.HomePageTest"/>
  <testcase name="testNotifications" time="6.274" classname="com.home.test.HomePageTest"/>
  <testcase name="testLogin" time="8.486" classname="com.home.test.LoginTest"/>
  <testcase name="LogOut" time="8.525" classname="com.home.test.LoginTest"/>
  <testcase name="testSearch" time="45.439" classname="com.home.test.SearchPageTest"/>
</testsuite> <!-- GRP-ebayAll -->
