<?xml version="1.0" encoding="UTF-8"?>
<!-- Generated by org.testng.reporters.JUnitXMLReporter -->
<testsuite hostname="WIN-6TNKA2CT5MN" name="tests on Mozilla Firefox" tests="5" failures="0" timestamp="5 Jul 2014 09:57:57 GMT" time="0.041" errors="0">
  <testcase name="@BeforeMethod OpenPage" time="0.0" classname="com.home.test.pages.HomePageTest">
    <failure type="org.openqa.selenium.remote.SessionNotFoundException" message="Session ID is null. Using WebDriver after calling quit()?
Build info: version: &amp;apos;2.42.2&amp;apos;, revision: &amp;apos;6a6995d&amp;apos;, time: &amp;apos;2014-06-03 17:42:03&amp;apos;
System info: host: &amp;apos;WIN-6TNKA2CT5MN&amp;apos;, ip: &amp;apos;93.77.153.89&amp;apos;, os.name: &amp;apos;Windows 7&amp;apos;, os.arch: &amp;apos;amd64&amp;apos;, os.version: &amp;apos;6.1&amp;apos;, java.version: &amp;apos;1.7.0_51&amp;apos;
Driver info: driver.version: EventFiringWebDriver">
      <![CDATA[org.openqa.selenium.remote.SessionNotFoundException: Session ID is null. Using WebDriver after calling quit()?
Build info: version: '2.42.2', revision: '6a6995d', time: '2014-06-03 17:42:03'
System info: host: 'WIN-6TNKA2CT5MN', ip: '93.77.153.89', os.name: 'Windows 7', os.arch: 'amd64', os.version: '6.1', java.version: '1.7.0_51'
Driver info: driver.version: EventFiringWebDriver
	at org.openqa.selenium.remote.HttpCommandExecutor.execute(HttpCommandExecutor.java:147)
	at org.openqa.selenium.remote.service.DriverCommandExecutor.execute(DriverCommandExecutor.java:66)
	at org.openqa.selenium.remote.RemoteWebDriver.execute(RemoteWebDriver.java:572)
	at org.openqa.selenium.remote.RemoteWebDriver.get(RemoteWebDriver.java:304)
	at sun.reflect.NativeMethodAccessorImpl.invoke0(Native Method)
	at sun.reflect.NativeMethodAccessorImpl.invoke(NativeMethodAccessorImpl.java:57)
	at sun.reflect.DelegatingMethodAccessorImpl.invoke(DelegatingMethodAccessorImpl.java:43)
	at java.lang.reflect.Method.invoke(Method.java:606)
	at org.openqa.selenium.support.events.EventFiringWebDriver$2.invoke(EventFiringWebDriver.java:101)
	at com.sun.proxy.$Proxy12.get(Unknown Source)
	at org.openqa.selenium.support.events.EventFiringWebDriver.get(EventFiringWebDriver.java:159)
	at com.home.pages.HomePage.open(HomePage.java:101)
	at com.home.test.basetest.BasicTestCase.OpenPage(BasicTestCase.java:41)
	at sun.reflect.NativeMethodAccessorImpl.invoke0(Native Method)
	at sun.reflect.NativeMethodAccessorImpl.invoke(NativeMethodAccessorImpl.java:57)
	at sun.reflect.DelegatingMethodAccessorImpl.invoke(DelegatingMethodAccessorImpl.java:43)
	at java.lang.reflect.Method.invoke(Method.java:606)
	at org.testng.internal.MethodInvocationHelper.invokeMethod(MethodInvocationHelper.java:84)
	at org.testng.internal.Invoker.invokeConfigurationMethod(Invoker.java:564)
	at org.testng.internal.Invoker.invokeConfigurations(Invoker.java:213)
	at org.testng.internal.Invoker.invokeMethod(Invoker.java:653)
	at org.testng.internal.Invoker.invokeTestMethod(Invoker.java:901)
	at org.testng.internal.Invoker.invokeTestMethods(Invoker.java:1231)
	at org.testng.internal.TestMethodWorker.invokeTestMethods(TestMethodWorker.java:127)
	at org.testng.internal.TestMethodWorker.run(TestMethodWorker.java:111)
	at org.testng.TestRunner.privateRun(TestRunner.java:767)
	at org.testng.TestRunner.run(TestRunner.java:617)
	at org.testng.SuiteRunner.runTest(SuiteRunner.java:334)
	at org.testng.SuiteRunner.runSequentially(SuiteRunner.java:329)
	at org.testng.SuiteRunner.privateRun(SuiteRunner.java:291)
	at org.testng.SuiteRunner.run(SuiteRunner.java:240)
	at org.testng.SuiteRunnerWorker.runSuite(SuiteRunnerWorker.java:52)
	at org.testng.SuiteRunnerWorker.run(SuiteRunnerWorker.java:86)
	at org.testng.TestNG.runSuitesSequentially(TestNG.java:1224)
	at org.testng.TestNG.runSuitesSequentially(TestNG.java:1220)
	at org.testng.TestNG.runSuitesLocally(TestNG.java:1149)
	at org.testng.TestNG.run(TestNG.java:1057)
	at org.testng.remote.RemoteTestNG.run(RemoteTestNG.java:111)
	at org.testng.remote.RemoteTestNG.initAndRun(RemoteTestNG.java:204)
	at org.testng.remote.RemoteTestNG.main(RemoteTestNG.java:175)
]]>
    </failure>
  </testcase> <!-- @BeforeMethod OpenPage -->
  <testcase name="@BeforeMethod OpenPage" time="0.0" classname="com.home.test.pages.HomePageTest">
    <skipped/>
  </testcase> <!-- @BeforeMethod OpenPage -->
  <testcase name="@BeforeMethod OpenPage" time="0.0" classname="com.home.test.pages.LoginPageTest">
    <skipped/>
  </testcase> <!-- @BeforeMethod OpenPage -->
  <testcase name="@BeforeMethod OpenPage" time="0.0" classname="com.home.test.pages.LoginPageTest">
    <skipped/>
  </testcase> <!-- @BeforeMethod OpenPage -->
  <testcase name="@BeforeMethod OpenPage" time="0.0" classname="com.home.test.pages.SearchPageTest">
    <skipped/>
  </testcase> <!-- @BeforeMethod OpenPage -->
  <testcase name="testDeals" time="0.001" classname="com.home.test.pages.HomePageTest">
    <skipped/>
  </testcase> <!-- testDeals -->
  <testcase name="testNotifications" time="0.0" classname="com.home.test.pages.HomePageTest">
    <skipped/>
  </testcase> <!-- testNotifications -->
  <testcase name="testLogin" time="0.0" classname="com.home.test.pages.LoginPageTest">
    <skipped/>
  </testcase> <!-- testLogin -->
  <testcase name="LogOut" time="0.001" classname="com.home.test.pages.LoginPageTest">
    <skipped/>
  </testcase> <!-- LogOut -->
  <testcase name="testSearch" time="0.001" classname="com.home.test.pages.SearchPageTest">
    <skipped/>
  </testcase> <!-- testSearch -->
</testsuite> <!-- tests on Mozilla Firefox -->
