<?xml version="1.0" encoding="UTF-8"?>
<!-- Generated by org.testng.reporters.JUnitXMLReporter -->
<testsuite hostname="WIN-6TNKA2CT5MN" name="tests on Mozilla Firefox" tests="5" failures="0" timestamp="7 Jul 2014 16:54:10 GMT" time="95.012" errors="0">
  <testcase name="testDeals" time="33.134" classname="com.home.test.pages.HomePageTest"/>
  <testcase name="testNotifications" time="3.735" classname="com.home.test.pages.HomePageTest"/>
  <testcase name="testLogin" time="11.02" classname="com.home.test.pages.LoginPageTest"/>
  <testcase name="LogOut" time="3.446" classname="com.home.test.pages.LoginPageTest"/>
  <testcase name="testSearch" time="35.683" classname="com.home.test.pages.SearchPageTest"/>
</testsuite> <!-- tests on Mozilla Firefox -->
